2023-02-02T09:32:32+00:00 CRITICAL Uncaught Error: Failed opening required '/var/www/html/wp-content/plugins/ti-woocommerce-wishlist//vendor/autoload.php' (include_path='.:/usr/local/lib/php') in /var/www/html/wp-content/plugins/ti-woocommerce-wishlist/ti-woocommerce-wishlist.php:204
Stack trace:
#0 /var/www/html/wp-content/plugins/ti-woocommerce-wishlist/ti-woocommerce-wishlist.php(222): autoload_tinv_wishlist('TInvWL_PluginEx...')
#1 /var/www/html/wp-content/plugins/ti-woocommerce-wishlist/ti-woocommerce-wishlist.php(137): dependency_tinv_wishlist(false)
#2 /var/www/html/wp-includes/class-wp-hook.php(308): activation_tinv_wishlist(false)
#3 /var/www/html/wp-includes/class-wp-hook.php(332): WP_Hook->apply_filters('', Array)
#4 /var/www/html/wp-includes/plugin.php(517): WP_Hook->do_action(Array)
#5 /var/www/html/wp-admin/includes/plugin.php(691): do_action('activate_ti-woo...', false)
#6 /var/www/html/wp-admin/plugins.php(58): activate_plugin('ti-woocommerce-...', 'http://localhos...', false)
#7 {main}
  thrown in /var/www/html/wp-content/plugins/ti-woocommerce-wishlist/ti-woocommerce-wishlist.php on line 204

2023-02-02T09:32:36+00:00 CRITICAL Uncaught Error: Failed opening required '/var/www/html/wp-content/plugins/ti-woocommerce-wishlist//vendor/autoload.php' (include_path='.:/usr/local/lib/php') in /var/www/html/wp-content/plugins/ti-woocommerce-wishlist/ti-woocommerce-wishlist.php:204
Stack trace:
#0 /var/www/html/wp-content/plugins/ti-woocommerce-wishlist/ti-woocommerce-wishlist.php(222): autoload_tinv_wishlist('TInvWL_PluginEx...')
#1 /var/www/html/wp-content/plugins/ti-woocommerce-wishlist/ti-woocommerce-wishlist.php(137): dependency_tinv_wishlist(false)
#2 /var/www/html/wp-includes/class-wp-hook.php(308): activation_tinv_wishlist('')
#3 /var/www/html/wp-includes/class-wp-hook.php(332): WP_Hook->apply_filters('', Array)
#4 /var/www/html/wp-includes/plugin.php(517): WP_Hook->do_action(Array)
#5 /var/www/html/wp-admin/plugins.php(194): do_action('activate_ti-woo...')
#6 {main}
  thrown in /var/www/html/wp-content/plugins/ti-woocommerce-wishlist/ti-woocommerce-wishlist.php on line 204

2023-02-02T09:32:37+00:00 CRITICAL Uncaught Error: Failed opening required '/var/www/html/wp-content/plugins/ti-woocommerce-wishlist//vendor/autoload.php' (include_path='.:/usr/local/lib/php') in /var/www/html/wp-content/plugins/ti-woocommerce-wishlist/ti-woocommerce-wishlist.php:204
Stack trace:
#0 /var/www/html/wp-content/plugins/ti-woocommerce-wishlist/ti-woocommerce-wishlist.php(222): autoload_tinv_wishlist('TInvWL_PluginEx...')
#1 /var/www/html/wp-content/plugins/ti-woocommerce-wishlist/ti-woocommerce-wishlist.php(137): dependency_tinv_wishlist(false)
#2 /var/www/html/wp-includes/class-wp-hook.php(308): activation_tinv_wishlist('')
#3 /var/www/html/wp-includes/class-wp-hook.php(332): WP_Hook->apply_filters('', Array)
#4 /var/www/html/wp-includes/plugin.php(517): WP_Hook->do_action(Array)
#5 /var/www/html/wp-admin/plugins.php(194): do_action('activate_ti-woo...')
#6 {main}
  thrown in /var/www/html/wp-content/plugins/ti-woocommerce-wishlist/ti-woocommerce-wishlist.php on line 204

2023-02-02T09:52:33+00:00 CRITICAL Cannot declare class RADL\Store\Models\WC\PaymentGateways, because the name is already in use в /var/www/html/wp-content/plugins/RADL/Store/Models/WC/Wishlist.php на строке 0

