2023-01-10T21:50:17+00:00 CRITICAL Uncaught Error: Failed opening required '/var/www/html/wp-content/plugins/wgu/controllers/wc-rest-customers-controller-upgrade.php' (include_path='.:/usr/local/lib/php') in /var/www/html/wp-content/plugins/wgu/wgu.php:49
Stack trace:
#0 /var/www/html/wp-content/plugins/woocommerce/includes/rest-api/Server.php(40): WGU::autoloader('WGU\\Controllers...')
#1 /var/www/html/wp-includes/class-wp-hook.php(307): Automattic\WooCommerce\RestApi\Server->register_rest_routes(Object(WP_REST_Server))
#2 /var/www/html/wp-includes/class-wp-hook.php(331): WP_Hook->apply_filters(NULL, Array)
#3 /var/www/html/wp-includes/plugin.php(476): WP_Hook->do_action(Array)
#4 /var/www/html/wp-includes/rest-api.php(561): do_action('rest_api_init', Object(WP_REST_Server))
#5 /var/www/html/wp-includes/rest-api.php(387): rest_get_server()
#6 /var/www/html/wp-includes/class-wp-hook.php(307): rest_api_loaded(Object(WP))
#7 /var/www/html/wp-includes/class-wp-hook.php(331): WP_Hook->apply_filters(NULL, Array)
#8 /var/www/html/wp-includes/plugin.php(524): WP_Hook->do_action(Array)
#9 /var/www/html/wp-includes/class-wp.php(398): do_action_ref_array('parse_request', Array)
#10 /var/www/html/wp-includes/class-wp.php(770): WP->parse_request('')
#11 /var/www/html/wp-includes/functions.php(1330): WP->main('')
#12 /var/www/html/wp-blog-header.php(16): wp()
#13 /var/www/html/index.php(17): require('/var/www/html/w...')
#14 {main}
  thrown in /var/www/html/wp-content/plugins/wgu/wgu.php on line 49

2023-01-10T21:50:19+00:00 CRITICAL Uncaught Error: Failed opening required '/var/www/html/wp-content/plugins/wgu/controllers/wc-rest-customers-controller-upgrade.php' (include_path='.:/usr/local/lib/php') in /var/www/html/wp-content/plugins/wgu/wgu.php:49
Stack trace:
#0 /var/www/html/wp-content/plugins/woocommerce/includes/rest-api/Server.php(40): WGU::autoloader('WGU\\Controllers...')
#1 /var/www/html/wp-includes/class-wp-hook.php(307): Automattic\WooCommerce\RestApi\Server->register_rest_routes(Object(WP_REST_Server))
#2 /var/www/html/wp-includes/class-wp-hook.php(331): WP_Hook->apply_filters(NULL, Array)
#3 /var/www/html/wp-includes/plugin.php(476): WP_Hook->do_action(Array)
#4 /var/www/html/wp-includes/rest-api.php(561): do_action('rest_api_init', Object(WP_REST_Server))
#5 /var/www/html/wp-includes/rest-api.php(387): rest_get_server()
#6 /var/www/html/wp-includes/class-wp-hook.php(307): rest_api_loaded(Object(WP))
#7 /var/www/html/wp-includes/class-wp-hook.php(331): WP_Hook->apply_filters(NULL, Array)
#8 /var/www/html/wp-includes/plugin.php(524): WP_Hook->do_action(Array)
#9 /var/www/html/wp-includes/class-wp.php(398): do_action_ref_array('parse_request', Array)
#10 /var/www/html/wp-includes/class-wp.php(770): WP->parse_request('')
#11 /var/www/html/wp-includes/functions.php(1330): WP->main('')
#12 /var/www/html/wp-blog-header.php(16): wp()
#13 /var/www/html/index.php(17): require('/var/www/html/w...')
#14 {main}
  thrown in /var/www/html/wp-content/plugins/wgu/wgu.php on line 49

2023-01-10T21:50:51+00:00 CRITICAL Uncaught Error: Failed opening required '/var/www/html/wp-content/plugins/wgu/controllers/wc-rest-customers-controller-upgrade.php' (include_path='.:/usr/local/lib/php') in /var/www/html/wp-content/plugins/wgu/wgu.php:49
Stack trace:
#0 /var/www/html/wp-content/plugins/woocommerce/includes/rest-api/Server.php(40): WGU::autoloader('WGU\\Controllers...')
#1 /var/www/html/wp-includes/class-wp-hook.php(307): Automattic\WooCommerce\RestApi\Server->register_rest_routes(Object(WP_REST_Server))
#2 /var/www/html/wp-includes/class-wp-hook.php(331): WP_Hook->apply_filters(NULL, Array)
#3 /var/www/html/wp-includes/plugin.php(476): WP_Hook->do_action(Array)
#4 /var/www/html/wp-includes/rest-api.php(561): do_action('rest_api_init', Object(WP_REST_Server))
#5 /var/www/html/wp-includes/rest-api.php(387): rest_get_server()
#6 /var/www/html/wp-includes/class-wp-hook.php(307): rest_api_loaded(Object(WP))
#7 /var/www/html/wp-includes/class-wp-hook.php(331): WP_Hook->apply_filters(NULL, Array)
#8 /var/www/html/wp-includes/plugin.php(524): WP_Hook->do_action(Array)
#9 /var/www/html/wp-includes/class-wp.php(398): do_action_ref_array('parse_request', Array)
#10 /var/www/html/wp-includes/class-wp.php(770): WP->parse_request('')
#11 /var/www/html/wp-includes/functions.php(1330): WP->main('')
#12 /var/www/html/wp-blog-header.php(16): wp()
#13 /var/www/html/index.php(17): require('/var/www/html/w...')
#14 {main}
  thrown in /var/www/html/wp-content/plugins/wgu/wgu.php on line 49

