2023-03-02T09:18:23+00:00 CRITICAL Uncaught Error: Call to a member function get_data() on null in /var/www/html/wp-includes/rest-api/class-wp-rest-server.php:568
Stack trace:
#0 /var/www/html/wp-content/plugins/RADL/Store/Requests/RequestWP.php(43): WP_REST_Server->response_to_data(NULL, false)
#1 /var/www/html/wp-content/plugins/RADL/Store/Requests/RequestWP.php(78): RADL\Store\Requests\RequestWP->get_response_data()
#2 /var/www/html/wp-content/plugins/RADL/Store/Requests/RequestWP.php(37): RADL\Store\Requests\RequestWP->do_request()
#3 /var/www/html/wp-content/plugins/RADL/Store/Models/Model.php(239): RADL\Store\Requests\RequestWP->__construct('pages', 'get', Array, '/wp/v2/', Array)
#4 /var/www/html/wp-content/plugins/RADL/Store/Models/Model.php(70): RADL\Store\Models\Model->request(Array)
#5 /var/www/html/wp-content/plugins/RADL/Store/Models/Model.php(187): RADL\Store\Models\Model->get_all(Array)
#6 /var/www/html/wp-content/plugins/RADL/Store.php(171): RADL\Store\Models\Model->render()
#7 [internal function]: RADL\Store::RADL\{closure}(Object(RADL\Store\Models\WP\Pages), 'pages')
#8 /var/www/html/wp-content/plugins/RADL/Store.php(173): array_walk_recursive(Array, Object(Closure))
#9 /var/www/html/wp-content/plugins/RADL/Store.php(136): RADL\Store::render_values()
#10 /var/www/html/wp-content/plugins/RADL/RADL.php(54): RADL\Store::rendered()
#11 /var/www/html/wp-content/plugins/ssg-generator/admin/admin-page.php(6): RADL::render_store()
#12 /var/www/html/wp-content/plugins/ssg-generator/SSGGenerator.php(35): include('/var/www/html/w...')
#13 /var/www/html/wp-includes/class-wp-hook.php(308): admin_menu_page('')
#14 /var/www/html/wp-includes/class-wp-hook.php(332): WP_Hook->apply_filters('', Array)
#15 /var/www/html/wp-includes/plugin.php(517): WP_Hook->do_action(Array)
#16 /var/www/html/wp-admin/admin.php(259): do_action('toplevel_page_s...')
#17 {main}
  thrown в /var/www/html/wp-includes/rest-api/class-wp-rest-server.php на строке 568

2023-03-02T09:19:49+00:00 CRITICAL Uncaught Error: Call to a member function get_data() on null in /var/www/html/wp-includes/rest-api/class-wp-rest-server.php:568
Stack trace:
#0 /var/www/html/wp-content/plugins/RADL/Store/Requests/RequestWP.php(43): WP_REST_Server->response_to_data(NULL, false)
#1 /var/www/html/wp-content/plugins/RADL/Store/Requests/RequestWP.php(78): RADL\Store\Requests\RequestWP->get_response_data()
#2 /var/www/html/wp-content/plugins/RADL/Store/Requests/RequestWP.php(37): RADL\Store\Requests\RequestWP->do_request()
#3 /var/www/html/wp-content/plugins/RADL/Store/Models/Model.php(239): RADL\Store\Requests\RequestWP->__construct('pages', 'get', Array, '/wp/v2/', Array)
#4 /var/www/html/wp-content/plugins/RADL/Store/Models/Model.php(70): RADL\Store\Models\Model->request(Array)
#5 /var/www/html/wp-content/plugins/RADL/Store/Models/Model.php(187): RADL\Store\Models\Model->get_all(Array)
#6 /var/www/html/wp-content/plugins/RADL/Store.php(171): RADL\Store\Models\Model->render()
#7 [internal function]: RADL\Store::RADL\{closure}(Object(RADL\Store\Models\WP\Pages), 'pages')
#8 /var/www/html/wp-content/plugins/RADL/Store.php(173): array_walk_recursive(Array, Object(Closure))
#9 /var/www/html/wp-content/plugins/RADL/Store.php(136): RADL\Store::render_values()
#10 /var/www/html/wp-content/plugins/RADL/RADL.php(54): RADL\Store::rendered()
#11 /var/www/html/wp-content/plugins/ssg-generator/admin/admin-page.php(6): RADL::render_store()
#12 /var/www/html/wp-content/plugins/ssg-generator/SSGGenerator.php(35): include('/var/www/html/w...')
#13 /var/www/html/wp-includes/class-wp-hook.php(308): admin_menu_page('')
#14 /var/www/html/wp-includes/class-wp-hook.php(332): WP_Hook->apply_filters('', Array)
#15 /var/www/html/wp-includes/plugin.php(517): WP_Hook->do_action(Array)
#16 /var/www/html/wp-admin/admin.php(259): do_action('toplevel_page_s...')
#17 {main}
  thrown в /var/www/html/wp-includes/rest-api/class-wp-rest-server.php на строке 568

2023-03-02T09:20:58+00:00 CRITICAL Uncaught Error: Call to a member function get_data() on null in /var/www/html/wp-includes/rest-api/class-wp-rest-server.php:568
Stack trace:
#0 /var/www/html/wp-content/plugins/RADL/Store/Requests/RequestWP.php(43): WP_REST_Server->response_to_data(NULL, false)
#1 /var/www/html/wp-content/plugins/RADL/Store/Requests/RequestWP.php(78): RADL\Store\Requests\RequestWP->get_response_data()
#2 /var/www/html/wp-content/plugins/RADL/Store/Requests/RequestWP.php(37): RADL\Store\Requests\RequestWP->do_request()
#3 /var/www/html/wp-content/plugins/RADL/Store/Models/Model.php(239): RADL\Store\Requests\RequestWP->__construct('pages', 'get', Array, '/wp/v2/', Array)
#4 /var/www/html/wp-content/plugins/RADL/Store/Models/Model.php(70): RADL\Store\Models\Model->request(Array)
#5 /var/www/html/wp-content/plugins/RADL/Store/Models/Model.php(187): RADL\Store\Models\Model->get_all(Array)
#6 /var/www/html/wp-content/plugins/RADL/Store.php(171): RADL\Store\Models\Model->render()
#7 [internal function]: RADL\Store::RADL\{closure}(Object(RADL\Store\Models\WP\Pages), 'pages')
#8 /var/www/html/wp-content/plugins/RADL/Store.php(173): array_walk_recursive(Array, Object(Closure))
#9 /var/www/html/wp-content/plugins/RADL/Store.php(136): RADL\Store::render_values()
#10 /var/www/html/wp-content/plugins/RADL/RADL.php(54): RADL\Store::rendered()
#11 /var/www/html/wp-content/plugins/ssg-generator/admin/admin-page.php(6): RADL::render_store()
#12 /var/www/html/wp-content/plugins/ssg-generator/SSGGenerator.php(35): include('/var/www/html/w...')
#13 /var/www/html/wp-includes/class-wp-hook.php(308): admin_menu_page('')
#14 /var/www/html/wp-includes/class-wp-hook.php(332): WP_Hook->apply_filters('', Array)
#15 /var/www/html/wp-includes/plugin.php(517): WP_Hook->do_action(Array)
#16 /var/www/html/wp-admin/admin.php(259): do_action('toplevel_page_s...')
#17 {main}
  thrown в /var/www/html/wp-includes/rest-api/class-wp-rest-server.php на строке 568

2023-03-02T09:22:34+00:00 CRITICAL Uncaught Error: Call to a member function get_data() on null in /var/www/html/wp-includes/rest-api/class-wp-rest-server.php:568
Stack trace:
#0 /var/www/html/wp-content/plugins/RADL/Store/Requests/RequestWP.php(43): WP_REST_Server->response_to_data(NULL, false)
#1 /var/www/html/wp-content/plugins/RADL/Store/Requests/RequestWP.php(78): RADL\Store\Requests\RequestWP->get_response_data()
#2 /var/www/html/wp-content/plugins/RADL/Store/Requests/RequestWP.php(37): RADL\Store\Requests\RequestWP->do_request()
#3 /var/www/html/wp-content/plugins/RADL/Store/Models/Model.php(239): RADL\Store\Requests\RequestWP->__construct('pages', 'get', Array, '/wp/v2/', Array)
#4 /var/www/html/wp-content/plugins/RADL/Store/Models/Model.php(70): RADL\Store\Models\Model->request(Array)
#5 /var/www/html/wp-content/plugins/RADL/Store/Models/Model.php(187): RADL\Store\Models\Model->get_all(Array)
#6 /var/www/html/wp-content/plugins/RADL/Store.php(171): RADL\Store\Models\Model->render()
#7 [internal function]: RADL\Store::RADL\{closure}(Object(RADL\Store\Models\WP\Pages), 'pages')
#8 /var/www/html/wp-content/plugins/RADL/Store.php(173): array_walk_recursive(Array, Object(Closure))
#9 /var/www/html/wp-content/plugins/RADL/Store.php(136): RADL\Store::render_values()
#10 /var/www/html/wp-content/plugins/RADL/RADL.php(54): RADL\Store::rendered()
#11 /var/www/html/wp-content/plugins/ssg-generator/admin/admin-page.php(6): RADL::render_store()
#12 /var/www/html/wp-content/plugins/ssg-generator/SSGGenerator.php(35): include('/var/www/html/w...')
#13 /var/www/html/wp-includes/class-wp-hook.php(308): admin_menu_page('')
#14 /var/www/html/wp-includes/class-wp-hook.php(332): WP_Hook->apply_filters('', Array)
#15 /var/www/html/wp-includes/plugin.php(517): WP_Hook->do_action(Array)
#16 /var/www/html/wp-admin/admin.php(259): do_action('toplevel_page_s...')
#17 {main}
  thrown в /var/www/html/wp-includes/rest-api/class-wp-rest-server.php на строке 568

