2023-01-18T15:29:19+00:00 CRITICAL Uncaught Error: Failed opening required '/var/www/html/wp-content/plugins/RADL/Store/Models/Auth.php' (include_path='.:/usr/local/lib/php') in /var/www/html/wp-content/plugins/RADL/RADL.php:92
Stack trace:
#0 /var/www/html/wp-content/themes/logotype-ssr/inc/VueWordpress/VueWordpress.php(42): RADL::autoloader('RADL\\Store\\Mode...')
#1 /var/www/html/wp-content/themes/logotype-ssr/inc/VueWordpress/VueWordpress.php(29): Awps\VueWordpress\VueWordpress->get_schema()
#2 /var/www/html/wp-content/themes/logotype-ssr/inc/Init.php(64): Awps\VueWordpress\VueWordpress->register()
#3 /var/www/html/wp-content/themes/logotype-ssr/functions.php(30): Awps\Init::register_services()
#4 /var/www/html/wp-settings.php(585): include('/var/www/html/w...')
#5 /var/www/html/wp-config.php(139): require_once('/var/www/html/w...')
#6 /var/www/html/wp-load.php(50): require_once('/var/www/html/w...')
#7 /var/www/html/wp-blog-header.php(13): require_once('/var/www/html/w...')
#8 /var/www/html/index.php(17): require('/var/www/html/w...')
#9 {main}
  thrown в /var/www/html/wp-content/plugins/RADL/RADL.php на строке 92

2023-01-18T15:29:21+00:00 CRITICAL Uncaught Error: Failed opening required '/var/www/html/wp-content/plugins/RADL/Store/Models/Auth.php' (include_path='.:/usr/local/lib/php') in /var/www/html/wp-content/plugins/RADL/RADL.php:92
Stack trace:
#0 /var/www/html/wp-content/themes/logotype-ssr/inc/VueWordpress/VueWordpress.php(42): RADL::autoloader('RADL\\Store\\Mode...')
#1 /var/www/html/wp-content/themes/logotype-ssr/inc/VueWordpress/VueWordpress.php(29): Awps\VueWordpress\VueWordpress->get_schema()
#2 /var/www/html/wp-content/themes/logotype-ssr/inc/Init.php(64): Awps\VueWordpress\VueWordpress->register()
#3 /var/www/html/wp-content/themes/logotype-ssr/functions.php(30): Awps\Init::register_services()
#4 /var/www/html/wp-settings.php(585): include('/var/www/html/w...')
#5 /var/www/html/wp-config.php(139): require_once('/var/www/html/w...')
#6 /var/www/html/wp-load.php(50): require_once('/var/www/html/w...')
#7 /var/www/html/wp-blog-header.php(13): require_once('/var/www/html/w...')
#8 /var/www/html/index.php(17): require('/var/www/html/w...')
#9 {main}
  thrown в /var/www/html/wp-content/plugins/RADL/RADL.php на строке 92

2023-01-18T15:35:37+00:00 CRITICAL Uncaught Error: Class "RADL\Store\Models\WP\Pages" not found in /var/www/html/wp-content/themes/logotype-ssr/inc/VueWordpress/VueWordpress.php:49
Stack trace:
#0 /var/www/html/wp-content/themes/logotype-ssr/inc/VueWordpress/VueWordpress.php(32): Awps\VueWordpress\VueWordpress->get_schema()
#1 /var/www/html/wp-content/themes/logotype-ssr/inc/Init.php(64): Awps\VueWordpress\VueWordpress->register()
#2 /var/www/html/wp-content/themes/logotype-ssr/functions.php(30): Awps\Init::register_services()
#3 /var/www/html/wp-settings.php(585): include('/var/www/html/w...')
#4 /var/www/html/wp-config.php(139): require_once('/var/www/html/w...')
#5 /var/www/html/wp-load.php(50): require_once('/var/www/html/w...')
#6 /var/www/html/wp-blog-header.php(13): require_once('/var/www/html/w...')
#7 /var/www/html/index.php(17): require('/var/www/html/w...')
#8 {main}
  thrown в /var/www/html/wp-content/themes/logotype-ssr/inc/VueWordpress/VueWordpress.php на строке 49

2023-01-18T15:35:38+00:00 CRITICAL Uncaught Error: Class "RADL\Store\Models\WP\Pages" not found in /var/www/html/wp-content/themes/logotype-ssr/inc/VueWordpress/VueWordpress.php:49
Stack trace:
#0 /var/www/html/wp-content/themes/logotype-ssr/inc/VueWordpress/VueWordpress.php(32): Awps\VueWordpress\VueWordpress->get_schema()
#1 /var/www/html/wp-content/themes/logotype-ssr/inc/Init.php(64): Awps\VueWordpress\VueWordpress->register()
#2 /var/www/html/wp-content/themes/logotype-ssr/functions.php(30): Awps\Init::register_services()
#3 /var/www/html/wp-settings.php(585): include('/var/www/html/w...')
#4 /var/www/html/wp-config.php(139): require_once('/var/www/html/w...')
#5 /var/www/html/wp-load.php(50): require_once('/var/www/html/w...')
#6 /var/www/html/wp-blog-header.php(13): require_once('/var/www/html/w...')
#7 /var/www/html/index.php(17): require('/var/www/html/w...')
#8 {main}
  thrown в /var/www/html/wp-content/themes/logotype-ssr/inc/VueWordpress/VueWordpress.php на строке 49

2023-01-18T15:36:22+00:00 CRITICAL Uncaught Error: Class "RADL\Store\Models\WC\Products" not found in /var/www/html/wp-content/themes/logotype-ssr/inc/VueWordpress/VueWordpress.php:53
Stack trace:
#0 /var/www/html/wp-content/themes/logotype-ssr/inc/VueWordpress/VueWordpress.php(32): Awps\VueWordpress\VueWordpress->get_schema()
#1 /var/www/html/wp-content/themes/logotype-ssr/inc/Init.php(64): Awps\VueWordpress\VueWordpress->register()
#2 /var/www/html/wp-content/themes/logotype-ssr/functions.php(30): Awps\Init::register_services()
#3 /var/www/html/wp-settings.php(585): include('/var/www/html/w...')
#4 /var/www/html/wp-config.php(139): require_once('/var/www/html/w...')
#5 /var/www/html/wp-load.php(50): require_once('/var/www/html/w...')
#6 /var/www/html/wp-blog-header.php(13): require_once('/var/www/html/w...')
#7 /var/www/html/index.php(17): require('/var/www/html/w...')
#8 {main}
  thrown в /var/www/html/wp-content/themes/logotype-ssr/inc/VueWordpress/VueWordpress.php на строке 53

2023-01-18T15:36:24+00:00 CRITICAL Uncaught Error: Class "RADL\Store\Models\WC\Products" not found in /var/www/html/wp-content/themes/logotype-ssr/inc/VueWordpress/VueWordpress.php:53
Stack trace:
#0 /var/www/html/wp-content/themes/logotype-ssr/inc/VueWordpress/VueWordpress.php(32): Awps\VueWordpress\VueWordpress->get_schema()
#1 /var/www/html/wp-content/themes/logotype-ssr/inc/Init.php(64): Awps\VueWordpress\VueWordpress->register()
#2 /var/www/html/wp-content/themes/logotype-ssr/functions.php(30): Awps\Init::register_services()
#3 /var/www/html/wp-settings.php(585): include('/var/www/html/w...')
#4 /var/www/html/wp-config.php(139): require_once('/var/www/html/w...')
#5 /var/www/html/wp-load.php(50): require_once('/var/www/html/w...')
#6 /var/www/html/wp-blog-header.php(13): require_once('/var/www/html/w...')
#7 /var/www/html/index.php(17): require('/var/www/html/w...')
#8 {main}
  thrown в /var/www/html/wp-content/themes/logotype-ssr/inc/VueWordpress/VueWordpress.php на строке 53

2023-01-18T15:38:34+00:00 CRITICAL Uncaught Error: Object of class RADL\Store\Models\WC\Products could not be converted to string in /var/www/html/wp-content/plugins/RADL/Store.php:106
Stack trace:
#0 /var/www/html/wp-content/themes/logotype-ssr/inc/VueWordpress/VueWordpress.php(77): RADL\Store::get_all('state.products')
#1 [internal function]: Awps\VueWordpress\VueWordpress->vue_wordpress_filter()
#2 /var/www/html/wp-content/plugins/RADL/Store/Callback.php(32): call_user_func_array(Array, Array)
#3 /var/www/html/wp-content/plugins/RADL/Store/Callback.php(51): RADL\Store\Callback->call()
#4 /var/www/html/wp-content/plugins/RADL/Store.php(171): RADL\Store\Callback->render()
#5 [internal function]: RADL\Store::RADL\{closure}(Object(RADL\Store\Callback), 'filter')
#6 /var/www/html/wp-content/plugins/RADL/Store.php(173): array_walk_recursive(Array, Object(Closure))
#7 /var/www/html/wp-content/plugins/RADL/Store.php(136): RADL\Store::render_values()
#8 /var/www/html/wp-content/plugins/RADL/RADL.php(54): RADL\Store::rendered()
#9 /var/www/html/wp-content/plugins/ssg-generator/admin/admin-page.php(6): RADL::render_store()
#10 /var/www/html/wp-content/plugins/ssg-generator/SSGGenerator.php(35): include('/var/www/html/w...')
#11 /var/www/html/wp-includes/class-wp-hook.php(308): admin_menu_page('')
#12 /var/www/html/wp-includes/class-wp-hook.php(332): WP_Hook->apply_filters('', Array)
#13 /var/www/html/wp-includes/plugin.php(517): WP_Hook->do_action(Array)
#14 /var/www/html/wp-admin/admin.php(259): do_action('toplevel_page_s...')
#15 {main}
  thrown в /var/www/html/wp-content/plugins/RADL/Store.php на строке 106

2023-01-18T15:39:24+00:00 CRITICAL Uncaught Error: Object of class RADL\Store\Models\WC\Products could not be converted to string in /var/www/html/wp-content/plugins/RADL/Store.php:106
Stack trace:
#0 /var/www/html/wp-content/themes/logotype-ssr/inc/VueWordpress/VueWordpress.php(77): RADL\Store::get_all('state.products')
#1 [internal function]: Awps\VueWordpress\VueWordpress->vue_wordpress_filter()
#2 /var/www/html/wp-content/plugins/RADL/Store/Callback.php(32): call_user_func_array(Array, Array)
#3 /var/www/html/wp-content/plugins/RADL/Store/Callback.php(51): RADL\Store\Callback->call()
#4 /var/www/html/wp-content/plugins/RADL/Store.php(171): RADL\Store\Callback->render()
#5 [internal function]: RADL\Store::RADL\{closure}(Object(RADL\Store\Callback), 'filter')
#6 /var/www/html/wp-content/plugins/RADL/Store.php(173): array_walk_recursive(Array, Object(Closure))
#7 /var/www/html/wp-content/plugins/RADL/Store.php(136): RADL\Store::render_values()
#8 /var/www/html/wp-content/plugins/RADL/RADL.php(54): RADL\Store::rendered()
#9 /var/www/html/wp-content/plugins/ssg-generator/admin/admin-page.php(6): RADL::render_store()
#10 /var/www/html/wp-content/plugins/ssg-generator/SSGGenerator.php(35): include('/var/www/html/w...')
#11 /var/www/html/wp-includes/class-wp-hook.php(308): admin_menu_page('')
#12 /var/www/html/wp-includes/class-wp-hook.php(332): WP_Hook->apply_filters('', Array)
#13 /var/www/html/wp-includes/plugin.php(517): WP_Hook->do_action(Array)
#14 /var/www/html/wp-admin/admin.php(259): do_action('toplevel_page_s...')
#15 {main}
  thrown в /var/www/html/wp-content/plugins/RADL/Store.php на строке 106

2023-01-18T15:39:42+00:00 CRITICAL Uncaught Error: Object of class RADL\Store\Models\WC\Products could not be converted to string in /var/www/html/wp-content/plugins/RADL/Store.php:106
Stack trace:
#0 /var/www/html/wp-content/themes/logotype-ssr/inc/VueWordpress/VueWordpress.php(77): RADL\Store::get_all('state.products')
#1 [internal function]: Awps\VueWordpress\VueWordpress->vue_wordpress_filter()
#2 /var/www/html/wp-content/plugins/RADL/Store/Callback.php(32): call_user_func_array(Array, Array)
#3 /var/www/html/wp-content/plugins/RADL/Store/Callback.php(51): RADL\Store\Callback->call()
#4 /var/www/html/wp-content/plugins/RADL/Store.php(171): RADL\Store\Callback->render()
#5 [internal function]: RADL\Store::RADL\{closure}(Object(RADL\Store\Callback), 'filter')
#6 /var/www/html/wp-content/plugins/RADL/Store.php(173): array_walk_recursive(Array, Object(Closure))
#7 /var/www/html/wp-content/plugins/RADL/Store.php(136): RADL\Store::render_values()
#8 /var/www/html/wp-content/plugins/RADL/RADL.php(54): RADL\Store::rendered()
#9 /var/www/html/wp-content/plugins/ssg-generator/admin/admin-page.php(6): RADL::render_store()
#10 /var/www/html/wp-content/plugins/ssg-generator/SSGGenerator.php(35): include('/var/www/html/w...')
#11 /var/www/html/wp-includes/class-wp-hook.php(308): admin_menu_page('')
#12 /var/www/html/wp-includes/class-wp-hook.php(332): WP_Hook->apply_filters('', Array)
#13 /var/www/html/wp-includes/plugin.php(517): WP_Hook->do_action(Array)
#14 /var/www/html/wp-admin/admin.php(259): do_action('toplevel_page_s...')
#15 {main}
  thrown в /var/www/html/wp-content/plugins/RADL/Store.php на строке 106

2023-01-18T15:43:13+00:00 CRITICAL Class RADL\Store\Models\Abstract\Auth contains 4 abstract methods and must therefore be declared abstract or implement the remaining methods (RADL\Store\Value::render, RADL\Store\Value::get_all_by_one_prop, RADL\Store\Value::get_by_id, ...) в /var/www/html/wp-content/plugins/RADL/Store/Models/Abstract/Auth.php на строке 6

2023-01-18T15:43:13+00:00 CRITICAL Class RADL\Store\Models\Abstract\Auth contains 4 abstract methods and must therefore be declared abstract or implement the remaining methods (RADL\Store\Value::render, RADL\Store\Value::get_all_by_one_prop, RADL\Store\Value::get_by_id, ...) в /var/www/html/wp-content/plugins/RADL/Store/Models/Abstract/Auth.php на строке 6

2023-01-18T15:50:50+00:00 CRITICAL Uncaught Error: Call to undefined method RADL\Store\Models\Abstract\Auth::render() in /var/www/html/wp-content/plugins/RADL/Store.php:170
Stack trace:
#0 [internal function]: RADL\Store::RADL\{closure}(Object(RADL\Store\Models\Abstract\Auth), 'auth')
#1 /var/www/html/wp-content/plugins/RADL/Store.php(173): array_walk_recursive(Array, Object(Closure))
#2 /var/www/html/wp-content/plugins/RADL/Store.php(136): RADL\Store::render_values()
#3 /var/www/html/wp-content/plugins/RADL/RADL.php(54): RADL\Store::rendered()
#4 /var/www/html/wp-content/plugins/ssg-generator/admin/admin-page.php(6): RADL::render_store()
#5 /var/www/html/wp-content/plugins/ssg-generator/SSGGenerator.php(35): include('/var/www/html/w...')
#6 /var/www/html/wp-includes/class-wp-hook.php(308): admin_menu_page('')
#7 /var/www/html/wp-includes/class-wp-hook.php(332): WP_Hook->apply_filters('', Array)
#8 /var/www/html/wp-includes/plugin.php(517): WP_Hook->do_action(Array)
#9 /var/www/html/wp-admin/admin.php(259): do_action('toplevel_page_s...')
#10 {main}
  thrown в /var/www/html/wp-content/plugins/RADL/Store.php на строке 170

