2022-09-08T08:22:48+00:00 CRITICAL Uncaught Error: Call to undefined method RADL::get() in /var/www/html/wp-content/themes/logotype-ssr/home.php:4
Stack trace:
#0 /var/www/html/wp-includes/template-loader.php(106): include()
#1 /var/www/html/wp-blog-header.php(19): require_once('/var/www/html/w...')
#2 /var/www/html/index.php(17): require('/var/www/html/w...')
#3 {main}
  thrown in /var/www/html/wp-content/themes/logotype-ssr/home.php on line 4

2022-09-08T08:23:14+00:00 CRITICAL Uncaught Error: Call to undefined method RADL::get() in /var/www/html/wp-content/themes/logotype-ssr/home.php:4
Stack trace:
#0 /var/www/html/wp-includes/template-loader.php(106): include()
#1 /var/www/html/wp-blog-header.php(19): require_once('/var/www/html/w...')
#2 /var/www/html/index.php(17): require('/var/www/html/w...')
#3 {main}
  thrown in /var/www/html/wp-content/themes/logotype-ssr/home.php on line 4

2022-09-08T08:23:59+00:00 CRITICAL Uncaught Error: Call to undefined method RADL::get() in /var/www/html/wp-content/themes/logotype-ssr/home.php:4
Stack trace:
#0 /var/www/html/wp-includes/template-loader.php(106): include()
#1 /var/www/html/wp-blog-header.php(19): require_once('/var/www/html/w...')
#2 /var/www/html/index.php(17): require('/var/www/html/w...')
#3 {main}
  thrown in /var/www/html/wp-content/themes/logotype-ssr/home.php on line 4

2022-09-08T08:24:37+00:00 CRITICAL Uncaught Error: Call to undefined method RADL::get() in /var/www/html/wp-content/themes/logotype-ssr/home.php:4
Stack trace:
#0 /var/www/html/wp-includes/template-loader.php(106): include()
#1 /var/www/html/wp-blog-header.php(19): require_once('/var/www/html/w...')
#2 /var/www/html/index.php(17): require('/var/www/html/w...')
#3 {main}
  thrown in /var/www/html/wp-content/themes/logotype-ssr/home.php on line 4

2022-09-08T08:26:59+00:00 CRITICAL Uncaught Error: Call to undefined method RADL::get() in /var/www/html/wp-content/themes/logotype-ssr/home.php:4
Stack trace:
#0 /var/www/html/wp-includes/template-loader.php(106): include()
#1 /var/www/html/wp-blog-header.php(19): require_once('/var/www/html/w...')
#2 /var/www/html/index.php(17): require('/var/www/html/w...')
#3 {main}
  thrown in /var/www/html/wp-content/themes/logotype-ssr/home.php on line 4

2022-09-08T08:28:23+00:00 CRITICAL Uncaught Error: Call to undefined method RADL::get() in /var/www/html/wp-content/themes/logotype-ssr/home.php:4
Stack trace:
#0 /var/www/html/wp-includes/template-loader.php(106): include()
#1 /var/www/html/wp-blog-header.php(19): require_once('/var/www/html/w...')
#2 /var/www/html/index.php(17): require('/var/www/html/w...')
#3 {main}
  thrown in /var/www/html/wp-content/themes/logotype-ssr/home.php on line 4

2022-09-08T09:09:11+00:00 CRITICAL Uncaught Error: Call to undefined method RADL::get() in /var/www/html/wp-content/themes/logotype-ssr/home.php:4
Stack trace:
#0 /var/www/html/wp-includes/template-loader.php(106): include()
#1 /var/www/html/wp-blog-header.php(19): require_once('/var/www/html/w...')
#2 /var/www/html/index.php(17): require('/var/www/html/w...')
#3 {main}
  thrown in /var/www/html/wp-content/themes/logotype-ssr/home.php on line 4

2022-09-08T09:09:20+00:00 CRITICAL Uncaught Error: Call to undefined method RADL::get() in /var/www/html/wp-content/themes/logotype-ssr/home.php:4
Stack trace:
#0 /var/www/html/wp-includes/template-loader.php(106): include()
#1 /var/www/html/wp-blog-header.php(19): require_once('/var/www/html/w...')
#2 /var/www/html/index.php(17): require('/var/www/html/w...')
#3 {main}
  thrown in /var/www/html/wp-content/themes/logotype-ssr/home.php on line 4

2022-09-08T09:09:53+00:00 CRITICAL Uncaught Error: Call to undefined method RADL::get() in /var/www/html/wp-content/themes/logotype-ssr/home.php:4
Stack trace:
#0 /var/www/html/wp-includes/template-loader.php(106): include()
#1 /var/www/html/wp-blog-header.php(19): require_once('/var/www/html/w...')
#2 /var/www/html/index.php(17): require('/var/www/html/w...')
#3 {main}
  thrown in /var/www/html/wp-content/themes/logotype-ssr/home.php on line 4

2022-09-08T09:11:36+00:00 CRITICAL Uncaught Error: Call to undefined method RADL::get() in /var/www/html/wp-content/themes/logotype-ssr/home.php:4
Stack trace:
#0 /var/www/html/wp-includes/template-loader.php(106): include()
#1 /var/www/html/wp-blog-header.php(19): require_once('/var/www/html/w...')
#2 /var/www/html/index.php(17): require('/var/www/html/w...')
#3 {main}
  thrown in /var/www/html/wp-content/themes/logotype-ssr/home.php on line 4

2022-09-08T09:12:40+00:00 CRITICAL Uncaught Error: Call to undefined method RADL::get() in /var/www/html/wp-content/themes/logotype-ssr/home.php:4
Stack trace:
#0 /var/www/html/wp-includes/template-loader.php(106): include()
#1 /var/www/html/wp-blog-header.php(19): require_once('/var/www/html/w...')
#2 /var/www/html/index.php(17): require('/var/www/html/w...')
#3 {main}
  thrown in /var/www/html/wp-content/themes/logotype-ssr/home.php on line 4

2022-09-08T09:51:23+00:00 CRITICAL Uncaught Error: Call to undefined method RADL::get() in /var/www/html/wp-content/themes/logotype-ssr/home.php:4
Stack trace:
#0 /var/www/html/wp-includes/template-loader.php(106): include()
#1 /var/www/html/wp-blog-header.php(19): require_once('/var/www/html/w...')
#2 /var/www/html/index.php(17): require('/var/www/html/w...')
#3 {main}
  thrown in /var/www/html/wp-content/themes/logotype-ssr/home.php on line 4

2022-09-08T09:51:54+00:00 CRITICAL Uncaught Error: Call to undefined method RADL::get() in /var/www/html/wp-content/themes/logotype-ssr/home.php:4
Stack trace:
#0 /var/www/html/wp-includes/template-loader.php(106): include()
#1 /var/www/html/wp-blog-header.php(19): require_once('/var/www/html/w...')
#2 /var/www/html/index.php(17): require('/var/www/html/w...')
#3 {main}
  thrown in /var/www/html/wp-content/themes/logotype-ssr/home.php on line 4

2022-09-08T09:55:35+00:00 CRITICAL Uncaught Error: Call to undefined method RADL::get() in /var/www/html/wp-content/themes/logotype-ssr/home.php:4
Stack trace:
#0 /var/www/html/wp-includes/template-loader.php(106): include()
#1 /var/www/html/wp-blog-header.php(19): require_once('/var/www/html/w...')
#2 /var/www/html/index.php(17): require('/var/www/html/w...')
#3 {main}
  thrown in /var/www/html/wp-content/themes/logotype-ssr/home.php on line 4

2022-09-08T09:57:54+00:00 CRITICAL Uncaught Error: Call to undefined method RADL::get() in /var/www/html/wp-content/themes/logotype-ssr/home.php:4
Stack trace:
#0 /var/www/html/wp-includes/template-loader.php(106): include()
#1 /var/www/html/wp-blog-header.php(19): require_once('/var/www/html/w...')
#2 /var/www/html/index.php(17): require('/var/www/html/w...')
#3 {main}
  thrown in /var/www/html/wp-content/themes/logotype-ssr/home.php on line 4

2022-09-08T10:02:18+00:00 CRITICAL Uncaught Error: Call to undefined method RADL::get() in /var/www/html/wp-content/themes/logotype-ssr/home.php:4
Stack trace:
#0 /var/www/html/wp-includes/template-loader.php(106): include()
#1 /var/www/html/wp-blog-header.php(19): require_once('/var/www/html/w...')
#2 /var/www/html/index.php(17): require('/var/www/html/w...')
#3 {main}
  thrown in /var/www/html/wp-content/themes/logotype-ssr/home.php on line 4

2022-09-08T10:08:53+00:00 CRITICAL Uncaught Error: Call to undefined method RADL::get() in /var/www/html/wp-content/themes/logotype-ssr/home.php:4
Stack trace:
#0 /var/www/html/wp-includes/template-loader.php(106): include()
#1 /var/www/html/wp-blog-header.php(19): require_once('/var/www/html/w...')
#2 /var/www/html/index.php(17): require('/var/www/html/w...')
#3 {main}
  thrown in /var/www/html/wp-content/themes/logotype-ssr/home.php on line 4

2022-09-08T10:09:09+00:00 CRITICAL Uncaught Error: Call to undefined method RADL::get() in /var/www/html/wp-content/themes/logotype-ssr/home.php:4
Stack trace:
#0 /var/www/html/wp-includes/template-loader.php(106): include()
#1 /var/www/html/wp-blog-header.php(19): require_once('/var/www/html/w...')
#2 /var/www/html/index.php(17): require('/var/www/html/w...')
#3 {main}
  thrown in /var/www/html/wp-content/themes/logotype-ssr/home.php on line 4

2022-09-08T10:11:51+00:00 CRITICAL Uncaught Error: Call to undefined method RADL::get() in /var/www/html/wp-content/themes/logotype-ssr/home.php:4
Stack trace:
#0 /var/www/html/wp-includes/template-loader.php(106): include()
#1 /var/www/html/wp-blog-header.php(19): require_once('/var/www/html/w...')
#2 /var/www/html/index.php(17): require('/var/www/html/w...')
#3 {main}
  thrown in /var/www/html/wp-content/themes/logotype-ssr/home.php on line 4

2022-09-08T13:33:31+00:00 CRITICAL Uncaught Error: Call to undefined method RADL::get() in /var/www/html/wp-content/themes/logotype-ssr/home.php:4
Stack trace:
#0 /var/www/html/wp-includes/template-loader.php(106): include()
#1 /var/www/html/wp-blog-header.php(19): require_once('/var/www/html/w...')
#2 /var/www/html/index.php(17): require('/var/www/html/w...')
#3 {main}
  thrown in /var/www/html/wp-content/themes/logotype-ssr/home.php on line 4

2022-09-08T13:34:00+00:00 CRITICAL Uncaught Error: Call to undefined method RADL::get() in /var/www/html/wp-content/themes/logotype-ssr/home.php:4
Stack trace:
#0 /var/www/html/wp-includes/template-loader.php(106): include()
#1 /var/www/html/wp-blog-header.php(19): require_once('/var/www/html/w...')
#2 /var/www/html/index.php(17): require('/var/www/html/w...')
#3 {main}
  thrown in /var/www/html/wp-content/themes/logotype-ssr/home.php on line 4

2022-09-08T13:34:20+00:00 CRITICAL Uncaught Error: Call to undefined method RADL::get() in /var/www/html/wp-content/themes/logotype-ssr/home.php:4
Stack trace:
#0 /var/www/html/wp-includes/template-loader.php(106): include()
#1 /var/www/html/wp-blog-header.php(19): require_once('/var/www/html/w...')
#2 /var/www/html/index.php(17): require('/var/www/html/w...')
#3 {main}
  thrown in /var/www/html/wp-content/themes/logotype-ssr/home.php on line 4

2022-09-08T13:34:45+00:00 CRITICAL Uncaught Error: Call to undefined method RADL::get() in /var/www/html/wp-content/themes/logotype-ssr/home.php:4
Stack trace:
#0 /var/www/html/wp-includes/template-loader.php(106): include()
#1 /var/www/html/wp-blog-header.php(19): require_once('/var/www/html/w...')
#2 /var/www/html/index.php(17): require('/var/www/html/w...')
#3 {main}
  thrown in /var/www/html/wp-content/themes/logotype-ssr/home.php on line 4

2022-09-08T13:35:22+00:00 CRITICAL Uncaught Error: Call to undefined method RADL::get() in /var/www/html/wp-content/themes/logotype-ssr/home.php:4
Stack trace:
#0 /var/www/html/wp-includes/template-loader.php(106): include()
#1 /var/www/html/wp-blog-header.php(19): require_once('/var/www/html/w...')
#2 /var/www/html/index.php(17): require('/var/www/html/w...')
#3 {main}
  thrown in /var/www/html/wp-content/themes/logotype-ssr/home.php on line 4

2022-09-08T13:35:45+00:00 CRITICAL Uncaught Error: Call to undefined method RADL::get() in /var/www/html/wp-content/themes/logotype-ssr/home.php:4
Stack trace:
#0 /var/www/html/wp-includes/template-loader.php(106): include()
#1 /var/www/html/wp-blog-header.php(19): require_once('/var/www/html/w...')
#2 /var/www/html/index.php(17): require('/var/www/html/w...')
#3 {main}
  thrown in /var/www/html/wp-content/themes/logotype-ssr/home.php on line 4

2022-09-08T13:36:02+00:00 CRITICAL Uncaught Error: Call to undefined method RADL::get() in /var/www/html/wp-content/themes/logotype-ssr/home.php:4
Stack trace:
#0 /var/www/html/wp-includes/template-loader.php(106): include()
#1 /var/www/html/wp-blog-header.php(19): require_once('/var/www/html/w...')
#2 /var/www/html/index.php(17): require('/var/www/html/w...')
#3 {main}
  thrown in /var/www/html/wp-content/themes/logotype-ssr/home.php on line 4

2022-09-08T13:36:37+00:00 CRITICAL Uncaught Error: Call to undefined method RADL::get() in /var/www/html/wp-content/themes/logotype-ssr/home.php:4
Stack trace:
#0 /var/www/html/wp-includes/template-loader.php(106): include()
#1 /var/www/html/wp-blog-header.php(19): require_once('/var/www/html/w...')
#2 /var/www/html/index.php(17): require('/var/www/html/w...')
#3 {main}
  thrown in /var/www/html/wp-content/themes/logotype-ssr/home.php on line 4

2022-09-08T14:06:24+00:00 CRITICAL Uncaught Error: Call to undefined method RADL::get() in /var/www/html/wp-content/themes/logotype-ssr/home.php:4
Stack trace:
#0 /var/www/html/wp-includes/template-loader.php(106): include()
#1 /var/www/html/wp-blog-header.php(19): require_once('/var/www/html/w...')
#2 /var/www/html/index.php(17): require('/var/www/html/w...')
#3 {main}
  thrown in /var/www/html/wp-content/themes/logotype-ssr/home.php on line 4

2022-09-08T14:06:51+00:00 CRITICAL Uncaught Error: Call to undefined method RADL::get() in /var/www/html/wp-content/themes/logotype-ssr/home.php:4
Stack trace:
#0 /var/www/html/wp-includes/template-loader.php(106): include()
#1 /var/www/html/wp-blog-header.php(19): require_once('/var/www/html/w...')
#2 /var/www/html/index.php(17): require('/var/www/html/w...')
#3 {main}
  thrown in /var/www/html/wp-content/themes/logotype-ssr/home.php on line 4

2022-09-08T14:07:14+00:00 CRITICAL Uncaught Error: Call to undefined method RADL::get() in /var/www/html/wp-content/themes/logotype-ssr/home.php:4
Stack trace:
#0 /var/www/html/wp-includes/template-loader.php(106): include()
#1 /var/www/html/wp-blog-header.php(19): require_once('/var/www/html/w...')
#2 /var/www/html/index.php(17): require('/var/www/html/w...')
#3 {main}
  thrown in /var/www/html/wp-content/themes/logotype-ssr/home.php on line 4

2022-09-08T14:07:46+00:00 CRITICAL Uncaught Error: Call to undefined method RADL::get() in /var/www/html/wp-content/themes/logotype-ssr/home.php:4
Stack trace:
#0 /var/www/html/wp-includes/template-loader.php(106): include()
#1 /var/www/html/wp-blog-header.php(19): require_once('/var/www/html/w...')
#2 /var/www/html/index.php(17): require('/var/www/html/w...')
#3 {main}
  thrown in /var/www/html/wp-content/themes/logotype-ssr/home.php on line 4

2022-09-08T14:08:09+00:00 CRITICAL Uncaught Error: Call to undefined method RADL::get() in /var/www/html/wp-content/themes/logotype-ssr/home.php:4
Stack trace:
#0 /var/www/html/wp-includes/template-loader.php(106): include()
#1 /var/www/html/wp-blog-header.php(19): require_once('/var/www/html/w...')
#2 /var/www/html/index.php(17): require('/var/www/html/w...')
#3 {main}
  thrown in /var/www/html/wp-content/themes/logotype-ssr/home.php on line 4

2022-09-08T14:25:03+00:00 CRITICAL Uncaught Error: Call to undefined method RADL::get() in /var/www/html/wp-content/themes/logotype-ssr/home.php:4
Stack trace:
#0 /var/www/html/wp-includes/template-loader.php(106): include()
#1 /var/www/html/wp-blog-header.php(19): require_once('/var/www/html/w...')
#2 /var/www/html/index.php(17): require('/var/www/html/w...')
#3 {main}
  thrown in /var/www/html/wp-content/themes/logotype-ssr/home.php on line 4

2022-09-08T14:27:04+00:00 CRITICAL Uncaught Error: Call to undefined method RADL::get() in /var/www/html/wp-content/themes/logotype-ssr/home.php:4
Stack trace:
#0 /var/www/html/wp-includes/template-loader.php(106): include()
#1 /var/www/html/wp-blog-header.php(19): require_once('/var/www/html/w...')
#2 /var/www/html/index.php(17): require('/var/www/html/w...')
#3 {main}
  thrown in /var/www/html/wp-content/themes/logotype-ssr/home.php on line 4

