2022-12-13T20:58:00+00:00 CRITICAL Uncaught Error: Undefined constant "clean_env" in /var/www/html/wp-content/themes/logotype-ssr/functions.php:6
Stack trace:
#0 /var/www/html/wp-settings.php(566): include()
#1 /var/www/html/wp-config.php(136): require_once('/var/www/html/w...')
#2 /var/www/html/wp-load.php(50): require_once('/var/www/html/w...')
#3 /var/www/html/wp-blog-header.php(13): require_once('/var/www/html/w...')
#4 /var/www/html/index.php(17): require('/var/www/html/w...')
#5 {main}
  thrown in /var/www/html/wp-content/themes/logotype-ssr/functions.php on line 6

2022-12-13T20:58:01+00:00 CRITICAL Uncaught Error: Undefined constant "clean_env" in /var/www/html/wp-content/themes/logotype-ssr/functions.php:6
Stack trace:
#0 /var/www/html/wp-settings.php(566): include()
#1 /var/www/html/wp-config.php(136): require_once('/var/www/html/w...')
#2 /var/www/html/wp-load.php(50): require_once('/var/www/html/w...')
#3 /var/www/html/wp-blog-header.php(13): require_once('/var/www/html/w...')
#4 /var/www/html/index.php(17): require('/var/www/html/w...')
#5 {main}
  thrown in /var/www/html/wp-content/themes/logotype-ssr/functions.php on line 6

2022-12-13T20:59:11+00:00 CRITICAL Uncaught Error: Undefined constant "clear_env" in /var/www/html/wp-content/themes/logotype-ssr/functions.php:6
Stack trace:
#0 /var/www/html/wp-settings.php(566): include()
#1 /var/www/html/wp-config.php(136): require_once('/var/www/html/w...')
#2 /var/www/html/wp-load.php(50): require_once('/var/www/html/w...')
#3 /var/www/html/wp-blog-header.php(13): require_once('/var/www/html/w...')
#4 /var/www/html/index.php(17): require('/var/www/html/w...')
#5 {main}
  thrown in /var/www/html/wp-content/themes/logotype-ssr/functions.php on line 6

2022-12-13T20:59:12+00:00 CRITICAL Uncaught Error: Undefined constant "clear_env" in /var/www/html/wp-content/themes/logotype-ssr/functions.php:6
Stack trace:
#0 /var/www/html/wp-settings.php(566): include()
#1 /var/www/html/wp-config.php(136): require_once('/var/www/html/w...')
#2 /var/www/html/wp-load.php(50): require_once('/var/www/html/w...')
#3 /var/www/html/wp-blog-header.php(13): require_once('/var/www/html/w...')
#4 /var/www/html/index.php(17): require('/var/www/html/w...')
#5 {main}
  thrown in /var/www/html/wp-content/themes/logotype-ssr/functions.php on line 6

2022-12-13T20:59:28+00:00 CRITICAL Uncaught Error: Undefined constant "clear_env" in /var/www/html/wp-content/themes/logotype-ssr/functions.php:6
Stack trace:
#0 /var/www/html/wp-settings.php(566): include()
#1 /var/www/html/wp-config.php(136): require_once('/var/www/html/w...')
#2 /var/www/html/wp-load.php(50): require_once('/var/www/html/w...')
#3 /var/www/html/wp-blog-header.php(13): require_once('/var/www/html/w...')
#4 /var/www/html/index.php(17): require('/var/www/html/w...')
#5 {main}
  thrown in /var/www/html/wp-content/themes/logotype-ssr/functions.php on line 6

2022-12-13T20:59:30+00:00 CRITICAL Uncaught Error: Undefined constant "clear_env" in /var/www/html/wp-content/themes/logotype-ssr/functions.php:6
Stack trace:
#0 /var/www/html/wp-settings.php(566): include()
#1 /var/www/html/wp-config.php(136): require_once('/var/www/html/w...')
#2 /var/www/html/wp-load.php(50): require_once('/var/www/html/w...')
#3 /var/www/html/wp-blog-header.php(13): require_once('/var/www/html/w...')
#4 /var/www/html/index.php(17): require('/var/www/html/w...')
#5 {main}
  thrown in /var/www/html/wp-content/themes/logotype-ssr/functions.php on line 6

