2022-09-06T20:09:38+00:00 CRITICAL Uncaught Error: Call to undefined method RADL::get() in /var/www/html/wp-content/themes/CustomTheme/home.php:4
Stack trace:
#0 /var/www/html/wp-includes/template-loader.php(106): include()
#1 /var/www/html/wp-blog-header.php(19): require_once('/var/www/html/w...')
#2 /var/www/html/index.php(17): require('/var/www/html/w...')
#3 {main}
  thrown in /var/www/html/wp-content/themes/CustomTheme/home.php on line 4

2022-09-06T20:10:14+00:00 CRITICAL Uncaught Error: Call to undefined method RADL::get() in /var/www/html/wp-content/themes/CustomTheme/home.php:4
Stack trace:
#0 /var/www/html/wp-includes/template-loader.php(106): include()
#1 /var/www/html/wp-blog-header.php(19): require_once('/var/www/html/w...')
#2 /var/www/html/index.php(17): require('/var/www/html/w...')
#3 {main}
  thrown in /var/www/html/wp-content/themes/CustomTheme/home.php on line 4

2022-09-06T20:10:47+00:00 CRITICAL Uncaught Error: Call to undefined method RADL::get() in /var/www/html/wp-content/themes/CustomTheme/home.php:4
Stack trace:
#0 /var/www/html/wp-includes/template-loader.php(106): include()
#1 /var/www/html/wp-blog-header.php(19): require_once('/var/www/html/w...')
#2 /var/www/html/index.php(17): require('/var/www/html/w...')
#3 {main}
  thrown in /var/www/html/wp-content/themes/CustomTheme/home.php on line 4

