2022-09-04T13:52:12+00:00 CRITICAL Uncaught Exception: Неподходящий класс, дан ::class in /var/www/html/wp-content/plugins/radl/store.php:97
Stack trace:
#0 /var/www/html/wp-content/themes/logotype-ssr/header.php(18): RADL\Store::get_all('products')
#1 /var/www/html/wp-includes/template.php(770): require_once('/var/www/html/w...')
#2 /var/www/html/wp-includes/template.php(716): load_template('/var/www/html/w...', true, Array)
#3 /var/www/html/wp-includes/general-template.php(48): locate_template(Array, true, true, Array)
#4 /var/www/html/wp-content/themes/logotype-ssr/index.php(2): get_header()
#5 /var/www/html/wp-includes/template-loader.php(106): include('/var/www/html/w...')
#6 /var/www/html/wp-blog-header.php(19): require_once('/var/www/html/w...')
#7 /var/www/html/index.php(17): require('/var/www/html/w...')
#8 {main}
  thrown in /var/www/html/wp-content/plugins/radl/store.php on line 97

2022-09-04T13:57:15+00:00 CRITICAL Uncaught Error: Class "WP_Site_Health" not found in /var/www/html/wp-includes/rest-api.php:349
Stack trace:
#0 /var/www/html/wp-includes/class-wp-hook.php(307): create_initial_rest_routes(Object(WP_REST_Server))
#1 /var/www/html/wp-includes/class-wp-hook.php(331): WP_Hook->apply_filters(NULL, Array)
#2 /var/www/html/wp-includes/plugin.php(476): WP_Hook->do_action(Array)
#3 /var/www/html/wp-includes/rest-api.php(561): do_action('rest_api_init', Object(WP_REST_Server))
#4 /var/www/html/wp-includes/rest-api.php(519): rest_get_server()
#5 /var/www/html/wp-content/plugins/radl/store/requests/request.php(100): rest_do_request(Object(WP_REST_Request))
#6 /var/www/html/wp-content/plugins/radl/store/requests/request.php(63): RADL\Store\Requests\Request->do_request()
#7 /var/www/html/wp-content/plugins/radl/store/models/basedmodels.php(247): RADL\Store\Requests\Request->__construct('products', Array, '/wc/v3/', 'GET', Array)
#8 /var/www/html/wp-content/plugins/radl/store/models/basedmodels.php(100): RADL\Store\Models\BasedModels->request(Array)
#9 /var/www/html/wp-content/plugins/radl/store.php(95): RADL\Store\Models\BasedModels->get_all(Array)
#10 /var/www/html/wp-content/themes/logotype-ssr/functions.php(48): RADL\Store::get_all('state.products')
#11 /var/www/html/wp-settings.php(566): include('/var/www/html/w...')
#12 /var/www/html/wp-config.php(130): require_once('/var/www/html/w...')
#13 /var/www/html/wp-load.php(50): require_once('/var/www/html/w...')
#14 /var/www/html/wp-admin/admin.php(34): require_once('/var/www/html/w...')
#15 /var/www/html/wp-admin/index.php(10): require_once('/var/www/html/w...')
#16 {main}
  thrown in /var/www/html/wp-includes/rest-api.php on line 349

2022-09-04T13:57:15+00:00 CRITICAL Uncaught Error: Class "WP_Site_Health" not found in /var/www/html/wp-includes/rest-api.php:349
Stack trace:
#0 /var/www/html/wp-includes/class-wp-hook.php(307): create_initial_rest_routes(Object(WP_REST_Server))
#1 /var/www/html/wp-includes/class-wp-hook.php(331): WP_Hook->apply_filters(NULL, Array)
#2 /var/www/html/wp-includes/plugin.php(476): WP_Hook->do_action(Array)
#3 /var/www/html/wp-includes/rest-api.php(561): do_action('rest_api_init', Object(WP_REST_Server))
#4 /var/www/html/wp-includes/rest-api.php(519): rest_get_server()
#5 /var/www/html/wp-content/plugins/radl/store/requests/request.php(100): rest_do_request(Object(WP_REST_Request))
#6 /var/www/html/wp-content/plugins/radl/store/requests/request.php(63): RADL\Store\Requests\Request->do_request()
#7 /var/www/html/wp-content/plugins/radl/store/models/basedmodels.php(247): RADL\Store\Requests\Request->__construct('products', Array, '/wc/v3/', 'GET', Array)
#8 /var/www/html/wp-content/plugins/radl/store/models/basedmodels.php(100): RADL\Store\Models\BasedModels->request(Array)
#9 /var/www/html/wp-content/plugins/radl/store.php(95): RADL\Store\Models\BasedModels->get_all(Array)
#10 /var/www/html/wp-content/themes/logotype-ssr/functions.php(48): RADL\Store::get_all('state.products')
#11 /var/www/html/wp-settings.php(566): include('/var/www/html/w...')
#12 /var/www/html/wp-config.php(130): require_once('/var/www/html/w...')
#13 /var/www/html/wp-load.php(50): require_once('/var/www/html/w...')
#14 /var/www/html/wp-admin/admin-ajax.php(22): require_once('/var/www/html/w...')
#15 {main}
  thrown in /var/www/html/wp-includes/rest-api.php on line 349

2022-09-04T13:58:41+00:00 CRITICAL Uncaught Error: Class "Store" not found in /var/www/html/wp-content/plugins/radl/radl.php:40
Stack trace:
#0 /var/www/html/wp-content/themes/logotype-ssr/inc/VueWordpress/VueWordpress.php(23): RADL->__construct('__VUE_WORDPRESS...', 'index.bundle.js', Array)
#1 /var/www/html/wp-content/themes/logotype-ssr/inc/Init.php(55): Awps\VueWordpress\VueWordpress->register()
#2 /var/www/html/wp-content/themes/logotype-ssr/functions.php(30): Awps\Init::register_services()
#3 /var/www/html/wp-settings.php(566): include('/var/www/html/w...')
#4 /var/www/html/wp-config.php(130): require_once('/var/www/html/w...')
#5 /var/www/html/wp-load.php(50): require_once('/var/www/html/w...')
#6 /var/www/html/wp-admin/admin.php(34): require_once('/var/www/html/w...')
#7 /var/www/html/wp-admin/index.php(10): require_once('/var/www/html/w...')
#8 {main}
  thrown in /var/www/html/wp-content/plugins/radl/radl.php on line 40

2022-09-04T13:59:14+00:00 CRITICAL Uncaught Error: Class "Store" not found in /var/www/html/wp-content/plugins/radl/radl.php:40
Stack trace:
#0 /var/www/html/wp-content/themes/logotype-ssr/inc/VueWordpress/VueWordpress.php(23): RADL->__construct('__VUE_WORDPRESS...', 'index.bundle.js', Array)
#1 /var/www/html/wp-content/themes/logotype-ssr/inc/Init.php(55): Awps\VueWordpress\VueWordpress->register()
#2 /var/www/html/wp-content/themes/logotype-ssr/functions.php(30): Awps\Init::register_services()
#3 /var/www/html/wp-settings.php(566): include('/var/www/html/w...')
#4 /var/www/html/wp-config.php(130): require_once('/var/www/html/w...')
#5 /var/www/html/wp-load.php(50): require_once('/var/www/html/w...')
#6 /var/www/html/wp-admin/admin-ajax.php(22): require_once('/var/www/html/w...')
#7 {main}
  thrown in /var/www/html/wp-content/plugins/radl/radl.php on line 40

2022-09-04T13:59:19+00:00 CRITICAL Uncaught Error: Class "WP_Site_Health" not found in /var/www/html/wp-includes/rest-api.php:349
Stack trace:
#0 /var/www/html/wp-includes/class-wp-hook.php(307): create_initial_rest_routes(Object(WP_REST_Server))
#1 /var/www/html/wp-includes/class-wp-hook.php(331): WP_Hook->apply_filters(NULL, Array)
#2 /var/www/html/wp-includes/plugin.php(476): WP_Hook->do_action(Array)
#3 /var/www/html/wp-includes/rest-api.php(561): do_action('rest_api_init', Object(WP_REST_Server))
#4 /var/www/html/wp-includes/rest-api.php(519): rest_get_server()
#5 /var/www/html/wp-content/plugins/radl/store/requests/request.php(100): rest_do_request(Object(WP_REST_Request))
#6 /var/www/html/wp-content/plugins/radl/store/requests/request.php(63): RADL\Store\Requests\Request->do_request()
#7 /var/www/html/wp-content/plugins/radl/store/models/basedmodels.php(247): RADL\Store\Requests\Request->__construct('products', Array, '/wc/v3/', 'GET', Array)
#8 /var/www/html/wp-content/plugins/radl/store/models/basedmodels.php(100): RADL\Store\Models\BasedModels->request(Array)
#9 /var/www/html/wp-content/plugins/radl/store.php(95): RADL\Store\Models\BasedModels->get_all(Array)
#10 /var/www/html/wp-content/plugins/radl/radl.php(40): RADL\Store::get_all('state.products')
#11 /var/www/html/wp-content/themes/logotype-ssr/inc/VueWordpress/VueWordpress.php(23): RADL->__construct('__VUE_WORDPRESS...', 'index.bundle.js', Array)
#12 /var/www/html/wp-content/themes/logotype-ssr/inc/Init.php(55): Awps\VueWordpress\VueWordpress->register()
#13 /var/www/html/wp-content/themes/logotype-ssr/functions.php(30): Awps\Init::register_services()
#14 /var/www/html/wp-settings.php(566): include('/var/www/html/w...')
#15 /var/www/html/wp-config.php(130): require_once('/var/www/html/w...')
#16 /var/www/html/wp-load.php(50): require_once('/var/www/html/w...')
#17 /var/www/html/wp-admin/admin.php(34): require_once('/var/www/html/w...')
#18 /var/www/html/wp-admin/index.php(10): require_once('/var/www/html/w...')
#19 {main}
  thrown in /var/www/html/wp-includes/rest-api.php on line 349

2022-09-04T14:02:30+00:00 CRITICAL Uncaught Error: Undefined constant RADL::store in /var/www/html/wp-content/plugins/radl/radl.php:40
Stack trace:
#0 /var/www/html/wp-content/themes/logotype-ssr/inc/VueWordpress/VueWordpress.php(23): RADL->__construct('__VUE_WORDPRESS...', 'index.bundle.js', Array)
#1 /var/www/html/wp-content/themes/logotype-ssr/inc/Init.php(55): Awps\VueWordpress\VueWordpress->register()
#2 /var/www/html/wp-content/themes/logotype-ssr/functions.php(30): Awps\Init::register_services()
#3 /var/www/html/wp-settings.php(566): include('/var/www/html/w...')
#4 /var/www/html/wp-config.php(130): require_once('/var/www/html/w...')
#5 /var/www/html/wp-load.php(50): require_once('/var/www/html/w...')
#6 /var/www/html/wp-admin/admin-ajax.php(22): require_once('/var/www/html/w...')
#7 {main}
  thrown in /var/www/html/wp-content/plugins/radl/radl.php on line 40

2022-09-04T14:08:04+00:00 CRITICAL Uncaught Error: Class "WP_Site_Health" not found in /var/www/html/wp-includes/rest-api.php:349
Stack trace:
#0 /var/www/html/wp-includes/class-wp-hook.php(307): create_initial_rest_routes(Object(WP_REST_Server))
#1 /var/www/html/wp-includes/class-wp-hook.php(331): WP_Hook->apply_filters(NULL, Array)
#2 /var/www/html/wp-includes/plugin.php(476): WP_Hook->do_action(Array)
#3 /var/www/html/wp-includes/rest-api.php(561): do_action('rest_api_init', Object(WP_REST_Server))
#4 /var/www/html/wp-includes/rest-api.php(519): rest_get_server()
#5 /var/www/html/wp-content/plugins/radl/store/requests/request.php(100): rest_do_request(Object(WP_REST_Request))
#6 /var/www/html/wp-content/plugins/radl/store/requests/request.php(63): RADL\Store\Requests\Request->do_request()
#7 /var/www/html/wp-content/plugins/radl/store/models/basedmodels.php(247): RADL\Store\Requests\Request->__construct('pages', Array, '/wp/v2/', 'GET', Array)
#8 /var/www/html/wp-content/plugins/radl/store/models/basedmodels.php(100): RADL\Store\Models\BasedModels->request(Array)
#9 /var/www/html/wp-content/plugins/radl/store/models/basedmodels.php(216): RADL\Store\Models\BasedModels->get_all(Array)
#10 /var/www/html/wp-content/plugins/radl/store.php(158): RADL\Store\Models\BasedModels->render()
#11 [internal function]: RADL\Store::RADL\{closure}(Object(RADL\Store\Models\Pages), 'pages')
#12 /var/www/html/wp-content/plugins/radl/store.php(167): array_walk_recursive(Array, Object(Closure))
#13 /var/www/html/wp-content/plugins/radl/store.php(123): RADL\Store::render_values()
#14 /var/www/html/wp-content/plugins/radl/radl.php(51): RADL\Store::rendered()
#15 /var/www/html/wp-content/plugins/radl/radl.php(37): RADL::localize()
#16 /var/www/html/wp-content/themes/logotype-ssr/inc/VueWordpress/VueWordpress.php(23): RADL->__construct('__VUE_WORDPRESS...', 'index.bundle.js', Array)
#17 /var/www/html/wp-content/themes/logotype-ssr/inc/Init.php(55): Awps\VueWordpress\VueWordpress->register()
#18 /var/www/html/wp-content/themes/logotype-ssr/functions.php(30): Awps\Init::register_services()
#19 /var/www/html/wp-settings.php(566): include('/var/www/html/w...')
#20 /var/www/html/wp-config.php(130): require_once('/var/www/html/w...')
#21 /var/www/html/wp-load.php(50): require_once('/var/www/html/w...')
#22 /var/www/html/wp-admin/admin.php(34): require_once('/var/www/html/w...')
#23 /var/www/html/wp-admin/index.php(10): require_once('/var/www/html/w...')
#24 {main}
  thrown in /var/www/html/wp-includes/rest-api.php on line 349

2022-09-04T14:09:29+00:00 CRITICAL Uncaught Error: Class "WP_Site_Health" not found in /var/www/html/wp-includes/rest-api.php:349
Stack trace:
#0 /var/www/html/wp-includes/class-wp-hook.php(307): create_initial_rest_routes(Object(WP_REST_Server))
#1 /var/www/html/wp-includes/class-wp-hook.php(331): WP_Hook->apply_filters(NULL, Array)
#2 /var/www/html/wp-includes/plugin.php(476): WP_Hook->do_action(Array)
#3 /var/www/html/wp-includes/rest-api.php(561): do_action('rest_api_init', Object(WP_REST_Server))
#4 /var/www/html/wp-includes/rest-api.php(519): rest_get_server()
#5 /var/www/html/wp-content/plugins/radl/store/requests/request.php(100): rest_do_request(Object(WP_REST_Request))
#6 /var/www/html/wp-content/plugins/radl/store/requests/request.php(63): RADL\Store\Requests\Request->do_request()
#7 /var/www/html/wp-content/plugins/radl/store/models/basedmodels.php(247): RADL\Store\Requests\Request->__construct('pages', Array, '/wp/v2/', 'GET', Array)
#8 /var/www/html/wp-content/plugins/radl/store/models/basedmodels.php(100): RADL\Store\Models\BasedModels->request(Array)
#9 /var/www/html/wp-content/plugins/radl/store/models/basedmodels.php(216): RADL\Store\Models\BasedModels->get_all(Array)
#10 /var/www/html/wp-content/plugins/radl/store.php(158): RADL\Store\Models\BasedModels->render()
#11 [internal function]: RADL\Store::RADL\{closure}(Object(RADL\Store\Models\Pages), 'pages')
#12 /var/www/html/wp-content/plugins/radl/store.php(167): array_walk_recursive(Array, Object(Closure))
#13 /var/www/html/wp-content/plugins/radl/store.php(123): RADL\Store::render_values()
#14 /var/www/html/wp-content/plugins/radl/radl.php(51): RADL\Store::rendered()
#15 /var/www/html/wp-content/plugins/radl/radl.php(37): RADL::localize()
#16 /var/www/html/wp-content/themes/logotype-ssr/inc/VueWordpress/VueWordpress.php(23): RADL->__construct('__VUE_WORDPRESS...', 'index.bundle.js', Array)
#17 /var/www/html/wp-content/themes/logotype-ssr/inc/Init.php(55): Awps\VueWordpress\VueWordpress->register()
#18 /var/www/html/wp-content/themes/logotype-ssr/functions.php(30): Awps\Init::register_services()
#19 /var/www/html/wp-settings.php(566): include('/var/www/html/w...')
#20 /var/www/html/wp-config.php(130): require_once('/var/www/html/w...')
#21 /var/www/html/wp-load.php(50): require_once('/var/www/html/w...')
#22 /var/www/html/wp-admin/admin.php(34): require_once('/var/www/html/w...')
#23 /var/www/html/wp-admin/user-edit.php(10): require_once('/var/www/html/w...')
#24 {main}
  thrown in /var/www/html/wp-includes/rest-api.php on line 349

2022-09-04T14:12:13+00:00 CRITICAL Uncaught Error: Class "WP_Site_Health" not found in /var/www/html/wp-includes/rest-api.php:349
Stack trace:
#0 /var/www/html/wp-includes/class-wp-hook.php(307): create_initial_rest_routes(Object(WP_REST_Server))
#1 /var/www/html/wp-includes/class-wp-hook.php(331): WP_Hook->apply_filters(NULL, Array)
#2 /var/www/html/wp-includes/plugin.php(476): WP_Hook->do_action(Array)
#3 /var/www/html/wp-includes/rest-api.php(561): do_action('rest_api_init', Object(WP_REST_Server))
#4 /var/www/html/wp-includes/rest-api.php(519): rest_get_server()
#5 /var/www/html/wp-content/plugins/radl/store/requests/request.php(100): rest_do_request(Object(WP_REST_Request))
#6 /var/www/html/wp-content/plugins/radl/store/requests/request.php(63): RADL\Store\Requests\Request->do_request()
#7 /var/www/html/wp-content/plugins/radl/store/models/basedmodels.php(247): RADL\Store\Requests\Request->__construct('pages', Array, '/wp/v2/', 'GET', Array)
#8 /var/www/html/wp-content/plugins/radl/store/models/basedmodels.php(100): RADL\Store\Models\BasedModels->request(Array)
#9 /var/www/html/wp-content/plugins/radl/store/models/basedmodels.php(216): RADL\Store\Models\BasedModels->get_all(Array)
#10 /var/www/html/wp-content/plugins/radl/store.php(158): RADL\Store\Models\BasedModels->render()
#11 [internal function]: RADL\Store::RADL\{closure}(Object(RADL\Store\Models\Pages), 'pages')
#12 /var/www/html/wp-content/plugins/radl/store.php(167): array_walk_recursive(Array, Object(Closure))
#13 /var/www/html/wp-content/plugins/radl/store.php(123): RADL\Store::render_values()
#14 /var/www/html/wp-content/plugins/radl/radl.php(51): RADL\Store::rendered()
#15 /var/www/html/wp-content/plugins/radl/radl.php(37): RADL::localize()
#16 /var/www/html/wp-content/themes/logotype-ssr/inc/VueWordpress/VueWordpress.php(23): RADL->__construct('__VUE_WORDPRESS...', 'index.bundle.js', Array)
#17 /var/www/html/wp-content/themes/logotype-ssr/inc/Init.php(55): Awps\VueWordpress\VueWordpress->register()
#18 /var/www/html/wp-content/themes/logotype-ssr/functions.php(30): Awps\Init::register_services()
#19 /var/www/html/wp-settings.php(566): include('/var/www/html/w...')
#20 /var/www/html/wp-config.php(130): require_once('/var/www/html/w...')
#21 /var/www/html/wp-load.php(50): require_once('/var/www/html/w...')
#22 /var/www/html/wp-admin/admin.php(34): require_once('/var/www/html/w...')
#23 /var/www/html/wp-admin/user-edit.php(10): require_once('/var/www/html/w...')
#24 {main}
  thrown in /var/www/html/wp-includes/rest-api.php on line 349

2022-09-04T14:15:48+00:00 CRITICAL Uncaught Error: Class "WP_Site_Health" not found in /var/www/html/wp-includes/rest-api.php:349
Stack trace:
#0 /var/www/html/wp-includes/class-wp-hook.php(307): create_initial_rest_routes(Object(WP_REST_Server))
#1 /var/www/html/wp-includes/class-wp-hook.php(331): WP_Hook->apply_filters(NULL, Array)
#2 /var/www/html/wp-includes/plugin.php(476): WP_Hook->do_action(Array)
#3 /var/www/html/wp-includes/rest-api.php(561): do_action('rest_api_init', Object(WP_REST_Server))
#4 /var/www/html/wp-includes/rest-api.php(519): rest_get_server()
#5 /var/www/html/wp-content/plugins/radl/store/requests/request.php(100): rest_do_request(Object(WP_REST_Request))
#6 /var/www/html/wp-content/plugins/radl/store/requests/request.php(63): RADL\Store\Requests\Request->do_request()
#7 /var/www/html/wp-content/plugins/radl/store/models/basedmodels.php(247): RADL\Store\Requests\Request->__construct('pages', Array, '/wp/v2/', 'GET', Array)
#8 /var/www/html/wp-content/plugins/radl/store/models/basedmodels.php(100): RADL\Store\Models\BasedModels->request(Array)
#9 /var/www/html/wp-content/plugins/radl/store/models/basedmodels.php(216): RADL\Store\Models\BasedModels->get_all(Array)
#10 /var/www/html/wp-content/plugins/radl/store.php(158): RADL\Store\Models\BasedModels->render()
#11 [internal function]: RADL\Store::RADL\{closure}(Object(RADL\Store\Models\Pages), 'pages')
#12 /var/www/html/wp-content/plugins/radl/store.php(167): array_walk_recursive(Array, Object(Closure))
#13 /var/www/html/wp-content/plugins/radl/store.php(123): RADL\Store::render_values()
#14 /var/www/html/wp-content/plugins/radl/radl.php(51): RADL\Store::rendered()
#15 /var/www/html/wp-content/plugins/radl/radl.php(37): RADL::localize()
#16 /var/www/html/wp-content/themes/logotype-ssr/inc/VueWordpress/VueWordpress.php(23): RADL->__construct('__VUE_WORDPRESS...', 'index.bundle.js', Array)
#17 /var/www/html/wp-content/themes/logotype-ssr/inc/Init.php(55): Awps\VueWordpress\VueWordpress->register()
#18 /var/www/html/wp-content/themes/logotype-ssr/functions.php(30): Awps\Init::register_services()
#19 /var/www/html/wp-settings.php(566): include('/var/www/html/w...')
#20 /var/www/html/wp-config.php(130): require_once('/var/www/html/w...')
#21 /var/www/html/wp-load.php(50): require_once('/var/www/html/w...')
#22 /var/www/html/wp-blog-header.php(13): require_once('/var/www/html/w...')
#23 /var/www/html/index.php(17): require('/var/www/html/w...')
#24 {main}
  thrown in /var/www/html/wp-includes/rest-api.php on line 349

2022-09-04T16:28:42+00:00 CRITICAL Uncaught ArgumentCountError: Too few arguments to function RADL\Store\Requests\Request::__construct(), 3 passed in /var/www/html/wp-content/themes/logotype-ssr/woocommerce/single-product.php on line 25 and at least 4 expected in /var/www/html/wp-content/plugins/radl/store/requests/request.php:50
Stack trace:
#0 /var/www/html/wp-content/themes/logotype-ssr/woocommerce/single-product.php(25): RADL\Store\Requests\Request->__construct('cart', Array, '/wc/store/v1/')
#1 /var/www/html/wp-includes/template-loader.php(106): include('/var/www/html/w...')
#2 /var/www/html/wp-blog-header.php(19): require_once('/var/www/html/w...')
#3 /var/www/html/index.php(17): require('/var/www/html/w...')
#4 {main}
  thrown in /var/www/html/wp-content/plugins/radl/store/requests/request.php on line 50

2022-09-04T16:33:54+00:00 CRITICAL Uncaught TypeError: array_filter(): Argument #1 ($array) must be of type array, null given in /var/www/html/wp-content/plugins/RADL/Store/Models/BasedModels.php:241
Stack trace:
#0 /var/www/html/wp-content/plugins/RADL/Store/Models/BasedModels.php(241): array_filter(NULL, Object(Closure))
#1 /var/www/html/wp-content/plugins/RADL/Store/Models/BasedModels.php(110): RADL\Store\Models\BasedModels->request(Array, 21)
#2 /var/www/html/wp-content/plugins/RADL/Store.php(84): RADL\Store\Models\BasedModels->get_by_id(Array, 21)
#3 /var/www/html/wp-content/themes/logotype-ssr/woocommerce/taxonomy-product-cat.php(8): RADL\Store::get_by_id('state.productsC...', Array, 21)
#4 /var/www/html/wp-includes/template-loader.php(106): include('/var/www/html/w...')
#5 /var/www/html/wp-blog-header.php(19): require_once('/var/www/html/w...')
#6 /var/www/html/index.php(17): require('/var/www/html/w...')
#7 {main}
  thrown in /var/www/html/wp-content/plugins/RADL/Store/Models/BasedModels.php on line 241

