2022-09-03T07:12:39+00:00 CRITICAL Uncaught TypeError: fclose(): Argument #1 ($stream) must be of type resource, null given in /var/www/html/wp-content/themes/CustomTheme/functions.php:76
Stack trace:
#0 /var/www/html/wp-content/themes/CustomTheme/functions.php(76): fclose(NULL)
#1 /var/www/html/wp-settings.php(566): include('/var/www/html/w...')
#2 /var/www/html/wp-config.php(130): require_once('/var/www/html/w...')
#3 /var/www/html/wp-load.php(50): require_once('/var/www/html/w...')
#4 /var/www/html/wp-blog-header.php(13): require_once('/var/www/html/w...')
#5 /var/www/html/index.php(17): require('/var/www/html/w...')
#6 {main}
  thrown in /var/www/html/wp-content/themes/CustomTheme/functions.php on line 76

2022-09-03T07:12:42+00:00 CRITICAL Uncaught TypeError: fclose(): Argument #1 ($stream) must be of type resource, null given in /var/www/html/wp-content/themes/CustomTheme/functions.php:76
Stack trace:
#0 /var/www/html/wp-content/themes/CustomTheme/functions.php(76): fclose(NULL)
#1 /var/www/html/wp-settings.php(566): include('/var/www/html/w...')
#2 /var/www/html/wp-config.php(130): require_once('/var/www/html/w...')
#3 /var/www/html/wp-load.php(50): require_once('/var/www/html/w...')
#4 /var/www/html/wp-blog-header.php(13): require_once('/var/www/html/w...')
#5 /var/www/html/index.php(17): require('/var/www/html/w...')
#6 {main}
  thrown in /var/www/html/wp-content/themes/CustomTheme/functions.php on line 76

2022-09-03T07:13:22+00:00 CRITICAL Uncaught TypeError: fwrite(): Argument #1 ($stream) must be of type resource, null given in /var/www/html/wp-content/themes/CustomTheme/functions.php:73
Stack trace:
#0 /var/www/html/wp-content/themes/CustomTheme/functions.php(73): fwrite(NULL, 'Failed to conne...')
#1 /var/www/html/wp-settings.php(566): include('/var/www/html/w...')
#2 /var/www/html/wp-config.php(130): require_once('/var/www/html/w...')
#3 /var/www/html/wp-load.php(50): require_once('/var/www/html/w...')
#4 /var/www/html/wp-blog-header.php(13): require_once('/var/www/html/w...')
#5 /var/www/html/index.php(17): require('/var/www/html/w...')
#6 {main}
  thrown in /var/www/html/wp-content/themes/CustomTheme/functions.php on line 73

