2023-03-03T21:26:40+00:00 CRITICAL Uncaught Error: Call to a member function get_data() on null in /var/www/html/wp-includes/rest-api/class-wp-rest-server.php:568
Stack trace:
#0 /var/www/html/wp-content/plugins/RADL/Store/Requests/RequestWP.php(43): WP_REST_Server->response_to_data(NULL, false)
#1 /var/www/html/wp-content/plugins/RADL/Store/Requests/RequestWP.php(78): RADL\Store\Requests\RequestWP->get_response_data()
#2 /var/www/html/wp-content/plugins/RADL/Store/Requests/RequestWP.php(37): RADL\Store\Requests\RequestWP->do_request()
#3 /var/www/html/wp-content/plugins/RADL/Store/Models/Model.php(239): RADL\Store\Requests\RequestWP->__construct('products', 'get', Array, '/wc/v3/', Array)
#4 /var/www/html/wp-content/plugins/RADL/Store/Models/Model.php(70): RADL\Store\Models\Model->request(Array)
#5 /var/www/html/wp-content/plugins/RADL/Store/Models/Model.php(187): RADL\Store\Models\Model->get_all(Array)
#6 /var/www/html/wp-content/plugins/RADL/Store.php(171): RADL\Store\Models\Model->render()
#7 [internal function]: RADL\Store::RADL\{closure}(Object(RADL\Store\Models\WC\Products), 'products')
#8 /var/www/html/wp-content/plugins/RADL/Store.php(173): array_walk_recursive(Array, Object(Closure))
#9 /var/www/html/wp-content/plugins/RADL/Store.php(136): RADL\Store::render_values()
#10 /var/www/html/wp-content/plugins/RADL/RADL.php(54): RADL\Store::rendered()
#11 /var/www/html/wp-content/plugins/ssg-generator/admin/admin-page.php(6): RADL::render_store()
#12 /var/www/html/wp-content/plugins/ssg-generator/SSGGenerator.php(35): include('/var/www/html/w...')
#13 /var/www/html/wp-includes/class-wp-hook.php(308): admin_menu_page('')
#14 /var/www/html/wp-includes/class-wp-hook.php(332): WP_Hook->apply_filters('', Array)
#15 /var/www/html/wp-includes/plugin.php(517): WP_Hook->do_action(Array)
#16 /var/www/html/wp-admin/admin.php(259): do_action('toplevel_page_s...')
#17 {main}
  thrown в /var/www/html/wp-includes/rest-api/class-wp-rest-server.php на строке 568

2023-03-03T21:27:38+00:00 CRITICAL Uncaught Error: Call to undefined method WC_Product_Simple::get_categories_path() in /var/www/html/wp-content/plugins/wgu/woo/controllers/wc-rest-products-controller-upgrade.php:233
Stack trace:
#0 /var/www/html/wp-content/plugins/woocommerce/includes/rest-api/Controllers/Version2/class-wc-rest-products-v2-controller.php(163): WGU\WOO\Controllers\WC_REST_Products_Controller_Upgrade->get_product_data(Object(WC_Product_Simple), 'view', Object(WP_REST_Request))
#1 /var/www/html/wp-content/plugins/woocommerce/includes/rest-api/Controllers/Version3/class-wc-rest-crud-controller.php(391): WC_REST_Products_V2_Controller->prepare_object_for_response(Object(WC_Product_Simple), Object(WP_REST_Request))
#2 /var/www/html/wp-includes/rest-api/class-wp-rest-server.php(1171): WC_REST_CRUD_Controller->get_items(Object(WP_REST_Request))
#3 /var/www/html/wp-includes/rest-api/class-wp-rest-server.php(1018): WP_REST_Server->respond_to_request(Object(WP_REST_Request), '/wc/v3/products', Array, NULL)
#4 /var/www/html/wp-includes/rest-api.php(535): WP_REST_Server->dispatch(Object(WP_REST_Request))
#5 /var/www/html/wp-content/plugins/RADL/Store/Requests/RequestWP.php(70): rest_do_request(Object(WP_REST_Request))
#6 /var/www/html/wp-content/plugins/RADL/Store/Requests/RequestWP.php(37): RADL\Store\Requests\RequestWP->do_request()
#7 /var/www/html/wp-content/plugins/RADL/Store/Models/Model.php(239): RADL\Store\Requests\RequestWP->__construct('products', 'get', Array, '/wc/v3/', Array)
#8 /var/www/html/wp-content/plugins/RADL/Store/Models/Model.php(70): RADL\Store\Models\Model->request(Array)
#9 /var/www/html/wp-content/plugins/RADL/Store/Models/Model.php(187): RADL\Store\Models\Model->get_all(Array)
#10 /var/www/html/wp-content/plugins/RADL/Store.php(171): RADL\Store\Models\Model->render()
#11 [internal function]: RADL\Store::RADL\{closure}(Object(RADL\Store\Models\WC\Products), 'products')
#12 /var/www/html/wp-content/plugins/RADL/Store.php(173): array_walk_recursive(Array, Object(Closure))
#13 /var/www/html/wp-content/plugins/RADL/Store.php(136): RADL\Store::render_values()
#14 /var/www/html/wp-content/plugins/RADL/RADL.php(54): RADL\Store::rendered()
#15 /var/www/html/wp-content/plugins/ssg-generator/admin/admin-page.php(6): RADL::render_store()
#16 /var/www/html/wp-content/plugins/ssg-generator/SSGGenerator.php(35): include('/var/www/html/w...')
#17 /var/www/html/wp-includes/class-wp-hook.php(308): admin_menu_page('')
#18 /var/www/html/wp-includes/class-wp-hook.php(332): WP_Hook->apply_filters('', Array)
#19 /var/www/html/wp-includes/plugin.php(517): WP_Hook->do_action(Array)
#20 /var/www/html/wp-admin/admin.php(259): do_action('toplevel_page_s...')
#21 {main}
  thrown в /var/www/html/wp-content/plugins/wgu/woo/controllers/wc-rest-products-controller-upgrade.php на строке 233

2023-03-03T21:51:42+00:00 CRITICAL Uncaught Error: Call to a member function get_data() on null in /var/www/html/wp-includes/rest-api/class-wp-rest-server.php:568
Stack trace:
#0 /var/www/html/wp-content/plugins/RADL/Store/Requests/RequestWP.php(43): WP_REST_Server->response_to_data(NULL, false)
#1 /var/www/html/wp-content/plugins/RADL/Store/Requests/RequestWP.php(78): RADL\Store\Requests\RequestWP->get_response_data()
#2 /var/www/html/wp-content/plugins/RADL/Store/Requests/RequestWP.php(37): RADL\Store\Requests\RequestWP->do_request()
#3 /var/www/html/wp-content/plugins/RADL/Store/Models/Model.php(239): RADL\Store\Requests\RequestWP->__construct('pages', 'get', Array, '/wp/v2/', Array)
#4 /var/www/html/wp-content/plugins/RADL/Store/Models/Model.php(70): RADL\Store\Models\Model->request(Array)
#5 /var/www/html/wp-content/plugins/RADL/Store/Models/Model.php(187): RADL\Store\Models\Model->get_all(Array)
#6 /var/www/html/wp-content/plugins/RADL/Store.php(171): RADL\Store\Models\Model->render()
#7 [internal function]: RADL\Store::RADL\{closure}(Object(RADL\Store\Models\WP\Pages), 'pages')
#8 /var/www/html/wp-content/plugins/RADL/Store.php(173): array_walk_recursive(Array, Object(Closure))
#9 /var/www/html/wp-content/plugins/RADL/Store.php(136): RADL\Store::render_values()
#10 /var/www/html/wp-content/plugins/RADL/RADL.php(54): RADL\Store::rendered()
#11 /var/www/html/wp-content/plugins/ssg-generator/admin/admin-page.php(6): RADL::render_store()
#12 /var/www/html/wp-content/plugins/ssg-generator/SSGGenerator.php(35): include('/var/www/html/w...')
#13 /var/www/html/wp-includes/class-wp-hook.php(308): admin_menu_page('')
#14 /var/www/html/wp-includes/class-wp-hook.php(332): WP_Hook->apply_filters('', Array)
#15 /var/www/html/wp-includes/plugin.php(517): WP_Hook->do_action(Array)
#16 /var/www/html/wp-admin/admin.php(259): do_action('toplevel_page_s...')
#17 {main}
  thrown в /var/www/html/wp-includes/rest-api/class-wp-rest-server.php на строке 568

2023-03-03T21:52:30+00:00 CRITICAL Uncaught Error: Call to a member function get_data() on null in /var/www/html/wp-includes/rest-api/class-wp-rest-server.php:568
Stack trace:
#0 /var/www/html/wp-content/plugins/RADL/Store/Requests/RequestWP.php(43): WP_REST_Server->response_to_data(NULL, false)
#1 /var/www/html/wp-content/plugins/RADL/Store/Requests/RequestWP.php(78): RADL\Store\Requests\RequestWP->get_response_data()
#2 /var/www/html/wp-content/plugins/RADL/Store/Requests/RequestWP.php(37): RADL\Store\Requests\RequestWP->do_request()
#3 /var/www/html/wp-content/plugins/RADL/Store/Models/Model.php(239): RADL\Store\Requests\RequestWP->__construct('pages', 'get', Array, '/wp/v2/', Array)
#4 /var/www/html/wp-content/plugins/RADL/Store/Models/Model.php(70): RADL\Store\Models\Model->request(Array)
#5 /var/www/html/wp-content/plugins/RADL/Store/Models/Model.php(187): RADL\Store\Models\Model->get_all(Array)
#6 /var/www/html/wp-content/plugins/RADL/Store.php(171): RADL\Store\Models\Model->render()
#7 [internal function]: RADL\Store::RADL\{closure}(Object(RADL\Store\Models\WP\Pages), 'pages')
#8 /var/www/html/wp-content/plugins/RADL/Store.php(173): array_walk_recursive(Array, Object(Closure))
#9 /var/www/html/wp-content/plugins/RADL/Store.php(136): RADL\Store::render_values()
#10 /var/www/html/wp-content/plugins/RADL/RADL.php(54): RADL\Store::rendered()
#11 /var/www/html/wp-content/plugins/ssg-generator/admin/admin-page.php(6): RADL::render_store()
#12 /var/www/html/wp-content/plugins/ssg-generator/SSGGenerator.php(35): include('/var/www/html/w...')
#13 /var/www/html/wp-includes/class-wp-hook.php(308): admin_menu_page('')
#14 /var/www/html/wp-includes/class-wp-hook.php(332): WP_Hook->apply_filters('', Array)
#15 /var/www/html/wp-includes/plugin.php(517): WP_Hook->do_action(Array)
#16 /var/www/html/wp-admin/admin.php(259): do_action('toplevel_page_s...')
#17 {main}
  thrown в /var/www/html/wp-includes/rest-api/class-wp-rest-server.php на строке 568

2023-03-03T21:52:56+00:00 CRITICAL Uncaught Error: Call to a member function get_data() on null in /var/www/html/wp-includes/rest-api/class-wp-rest-server.php:568
Stack trace:
#0 /var/www/html/wp-content/plugins/RADL/Store/Requests/RequestWP.php(43): WP_REST_Server->response_to_data(NULL, false)
#1 /var/www/html/wp-content/plugins/RADL/Store/Requests/RequestWP.php(78): RADL\Store\Requests\RequestWP->get_response_data()
#2 /var/www/html/wp-content/plugins/RADL/Store/Requests/RequestWP.php(37): RADL\Store\Requests\RequestWP->do_request()
#3 /var/www/html/wp-content/plugins/RADL/Store/Models/Model.php(239): RADL\Store\Requests\RequestWP->__construct('pages', 'get', Array, '/wp/v2/', Array)
#4 /var/www/html/wp-content/plugins/RADL/Store/Models/Model.php(70): RADL\Store\Models\Model->request(Array)
#5 /var/www/html/wp-content/plugins/RADL/Store/Models/Model.php(187): RADL\Store\Models\Model->get_all(Array)
#6 /var/www/html/wp-content/plugins/RADL/Store.php(171): RADL\Store\Models\Model->render()
#7 [internal function]: RADL\Store::RADL\{closure}(Object(RADL\Store\Models\WP\Pages), 'pages')
#8 /var/www/html/wp-content/plugins/RADL/Store.php(173): array_walk_recursive(Array, Object(Closure))
#9 /var/www/html/wp-content/plugins/RADL/Store.php(136): RADL\Store::render_values()
#10 /var/www/html/wp-content/plugins/RADL/RADL.php(54): RADL\Store::rendered()
#11 /var/www/html/wp-content/plugins/ssg-generator/admin/admin-page.php(6): RADL::render_store()
#12 /var/www/html/wp-content/plugins/ssg-generator/SSGGenerator.php(35): include('/var/www/html/w...')
#13 /var/www/html/wp-includes/class-wp-hook.php(308): admin_menu_page('')
#14 /var/www/html/wp-includes/class-wp-hook.php(332): WP_Hook->apply_filters('', Array)
#15 /var/www/html/wp-includes/plugin.php(517): WP_Hook->do_action(Array)
#16 /var/www/html/wp-admin/admin.php(259): do_action('toplevel_page_s...')
#17 {main}
  thrown в /var/www/html/wp-includes/rest-api/class-wp-rest-server.php на строке 568

2023-03-03T21:54:04+00:00 CRITICAL syntax error, unexpected token "}" в /var/www/html/wp-content/plugins/wgu/woo/controllers/wc-rest-products-controller-upgrade.php на строке 26

2023-03-03T21:55:27+00:00 CRITICAL Uncaught Error: Call to a member function get_data() on null in /var/www/html/wp-includes/rest-api/class-wp-rest-server.php:568
Stack trace:
#0 /var/www/html/wp-content/plugins/RADL/Store/Requests/RequestWP.php(43): WP_REST_Server->response_to_data(NULL, false)
#1 /var/www/html/wp-content/plugins/RADL/Store/Requests/RequestWP.php(78): RADL\Store\Requests\RequestWP->get_response_data()
#2 /var/www/html/wp-content/plugins/RADL/Store/Requests/RequestWP.php(37): RADL\Store\Requests\RequestWP->do_request()
#3 /var/www/html/wp-content/plugins/RADL/Store/Models/Model.php(239): RADL\Store\Requests\RequestWP->__construct('pages', 'get', Array, '/wp/v2/', Array)
#4 /var/www/html/wp-content/plugins/RADL/Store/Models/Model.php(70): RADL\Store\Models\Model->request(Array)
#5 /var/www/html/wp-content/plugins/RADL/Store/Models/Model.php(187): RADL\Store\Models\Model->get_all(Array)
#6 /var/www/html/wp-content/plugins/RADL/Store.php(171): RADL\Store\Models\Model->render()
#7 [internal function]: RADL\Store::RADL\{closure}(Object(RADL\Store\Models\WP\Pages), 'pages')
#8 /var/www/html/wp-content/plugins/RADL/Store.php(173): array_walk_recursive(Array, Object(Closure))
#9 /var/www/html/wp-content/plugins/RADL/Store.php(136): RADL\Store::render_values()
#10 /var/www/html/wp-content/plugins/RADL/RADL.php(54): RADL\Store::rendered()
#11 /var/www/html/wp-content/plugins/ssg-generator/admin/admin-page.php(6): RADL::render_store()
#12 /var/www/html/wp-content/plugins/ssg-generator/SSGGenerator.php(35): include('/var/www/html/w...')
#13 /var/www/html/wp-includes/class-wp-hook.php(308): admin_menu_page('')
#14 /var/www/html/wp-includes/class-wp-hook.php(332): WP_Hook->apply_filters('', Array)
#15 /var/www/html/wp-includes/plugin.php(517): WP_Hook->do_action(Array)
#16 /var/www/html/wp-admin/admin.php(259): do_action('toplevel_page_s...')
#17 {main}
  thrown в /var/www/html/wp-includes/rest-api/class-wp-rest-server.php на строке 568

2023-03-03T21:55:29+00:00 CRITICAL Uncaught Error: Call to a member function get_data() on null in /var/www/html/wp-includes/rest-api/class-wp-rest-server.php:568
Stack trace:
#0 /var/www/html/wp-content/plugins/RADL/Store/Requests/RequestWP.php(43): WP_REST_Server->response_to_data(NULL, false)
#1 /var/www/html/wp-content/plugins/RADL/Store/Requests/RequestWP.php(78): RADL\Store\Requests\RequestWP->get_response_data()
#2 /var/www/html/wp-content/plugins/RADL/Store/Requests/RequestWP.php(37): RADL\Store\Requests\RequestWP->do_request()
#3 /var/www/html/wp-content/plugins/RADL/Store/Models/Model.php(239): RADL\Store\Requests\RequestWP->__construct('pages', 'get', Array, '/wp/v2/', Array)
#4 /var/www/html/wp-content/plugins/RADL/Store/Models/Model.php(70): RADL\Store\Models\Model->request(Array)
#5 /var/www/html/wp-content/plugins/RADL/Store/Models/Model.php(187): RADL\Store\Models\Model->get_all(Array)
#6 /var/www/html/wp-content/plugins/RADL/Store.php(171): RADL\Store\Models\Model->render()
#7 [internal function]: RADL\Store::RADL\{closure}(Object(RADL\Store\Models\WP\Pages), 'pages')
#8 /var/www/html/wp-content/plugins/RADL/Store.php(173): array_walk_recursive(Array, Object(Closure))
#9 /var/www/html/wp-content/plugins/RADL/Store.php(136): RADL\Store::render_values()
#10 /var/www/html/wp-content/plugins/RADL/RADL.php(54): RADL\Store::rendered()
#11 /var/www/html/wp-content/plugins/ssg-generator/admin/admin-page.php(6): RADL::render_store()
#12 /var/www/html/wp-content/plugins/ssg-generator/SSGGenerator.php(35): include('/var/www/html/w...')
#13 /var/www/html/wp-includes/class-wp-hook.php(308): admin_menu_page('')
#14 /var/www/html/wp-includes/class-wp-hook.php(332): WP_Hook->apply_filters('', Array)
#15 /var/www/html/wp-includes/plugin.php(517): WP_Hook->do_action(Array)
#16 /var/www/html/wp-admin/admin.php(259): do_action('toplevel_page_s...')
#17 {main}
  thrown в /var/www/html/wp-includes/rest-api/class-wp-rest-server.php на строке 568

2023-03-03T21:55:37+00:00 CRITICAL Uncaught Error: Call to a member function get_data() on null in /var/www/html/wp-includes/rest-api/class-wp-rest-server.php:568
Stack trace:
#0 /var/www/html/wp-content/plugins/RADL/Store/Requests/RequestWP.php(43): WP_REST_Server->response_to_data(NULL, false)
#1 /var/www/html/wp-content/plugins/RADL/Store/Requests/RequestWP.php(78): RADL\Store\Requests\RequestWP->get_response_data()
#2 /var/www/html/wp-content/plugins/RADL/Store/Requests/RequestWP.php(37): RADL\Store\Requests\RequestWP->do_request()
#3 /var/www/html/wp-content/plugins/RADL/Store/Models/Model.php(239): RADL\Store\Requests\RequestWP->__construct('pages', 'get', Array, '/wp/v2/', Array)
#4 /var/www/html/wp-content/plugins/RADL/Store/Models/Model.php(70): RADL\Store\Models\Model->request(Array)
#5 /var/www/html/wp-content/plugins/RADL/Store/Models/Model.php(187): RADL\Store\Models\Model->get_all(Array)
#6 /var/www/html/wp-content/plugins/RADL/Store.php(171): RADL\Store\Models\Model->render()
#7 [internal function]: RADL\Store::RADL\{closure}(Object(RADL\Store\Models\WP\Pages), 'pages')
#8 /var/www/html/wp-content/plugins/RADL/Store.php(173): array_walk_recursive(Array, Object(Closure))
#9 /var/www/html/wp-content/plugins/RADL/Store.php(136): RADL\Store::render_values()
#10 /var/www/html/wp-content/plugins/RADL/RADL.php(54): RADL\Store::rendered()
#11 /var/www/html/wp-content/plugins/ssg-generator/admin/admin-page.php(6): RADL::render_store()
#12 /var/www/html/wp-content/plugins/ssg-generator/SSGGenerator.php(35): include('/var/www/html/w...')
#13 /var/www/html/wp-includes/class-wp-hook.php(308): admin_menu_page('')
#14 /var/www/html/wp-includes/class-wp-hook.php(332): WP_Hook->apply_filters('', Array)
#15 /var/www/html/wp-includes/plugin.php(517): WP_Hook->do_action(Array)
#16 /var/www/html/wp-admin/admin.php(259): do_action('toplevel_page_s...')
#17 {main}
  thrown в /var/www/html/wp-includes/rest-api/class-wp-rest-server.php на строке 568

2023-03-03T21:56:01+00:00 CRITICAL Uncaught Error: Call to a member function get_data() on null in /var/www/html/wp-includes/rest-api/class-wp-rest-server.php:568
Stack trace:
#0 /var/www/html/wp-content/plugins/RADL/Store/Requests/RequestWP.php(43): WP_REST_Server->response_to_data(NULL, false)
#1 /var/www/html/wp-content/plugins/RADL/Store/Requests/RequestWP.php(78): RADL\Store\Requests\RequestWP->get_response_data()
#2 /var/www/html/wp-content/plugins/RADL/Store/Requests/RequestWP.php(37): RADL\Store\Requests\RequestWP->do_request()
#3 /var/www/html/wp-content/plugins/RADL/Store/Models/Model.php(239): RADL\Store\Requests\RequestWP->__construct('pages', 'get', Array, '/wp/v2/', Array)
#4 /var/www/html/wp-content/plugins/RADL/Store/Models/Model.php(70): RADL\Store\Models\Model->request(Array)
#5 /var/www/html/wp-content/plugins/RADL/Store/Models/Model.php(187): RADL\Store\Models\Model->get_all(Array)
#6 /var/www/html/wp-content/plugins/RADL/Store.php(171): RADL\Store\Models\Model->render()
#7 [internal function]: RADL\Store::RADL\{closure}(Object(RADL\Store\Models\WP\Pages), 'pages')
#8 /var/www/html/wp-content/plugins/RADL/Store.php(173): array_walk_recursive(Array, Object(Closure))
#9 /var/www/html/wp-content/plugins/RADL/Store.php(136): RADL\Store::render_values()
#10 /var/www/html/wp-content/plugins/RADL/RADL.php(54): RADL\Store::rendered()
#11 /var/www/html/wp-content/plugins/ssg-generator/admin/admin-page.php(6): RADL::render_store()
#12 /var/www/html/wp-content/plugins/ssg-generator/SSGGenerator.php(35): include('/var/www/html/w...')
#13 /var/www/html/wp-includes/class-wp-hook.php(308): admin_menu_page('')
#14 /var/www/html/wp-includes/class-wp-hook.php(332): WP_Hook->apply_filters('', Array)
#15 /var/www/html/wp-includes/plugin.php(517): WP_Hook->do_action(Array)
#16 /var/www/html/wp-admin/admin.php(259): do_action('toplevel_page_s...')
#17 {main}
  thrown в /var/www/html/wp-includes/rest-api/class-wp-rest-server.php на строке 568

2023-03-03T21:56:23+00:00 CRITICAL Uncaught Error: Call to a member function get_data() on null in /var/www/html/wp-includes/rest-api/class-wp-rest-server.php:568
Stack trace:
#0 /var/www/html/wp-content/plugins/RADL/Store/Requests/RequestWP.php(43): WP_REST_Server->response_to_data(NULL, false)
#1 /var/www/html/wp-content/plugins/RADL/Store/Requests/RequestWP.php(78): RADL\Store\Requests\RequestWP->get_response_data()
#2 /var/www/html/wp-content/plugins/RADL/Store/Requests/RequestWP.php(37): RADL\Store\Requests\RequestWP->do_request()
#3 /var/www/html/wp-content/plugins/RADL/Store/Models/Model.php(239): RADL\Store\Requests\RequestWP->__construct('pages', 'get', Array, '/wp/v2/', Array)
#4 /var/www/html/wp-content/plugins/RADL/Store/Models/Model.php(70): RADL\Store\Models\Model->request(Array)
#5 /var/www/html/wp-content/plugins/RADL/Store/Models/Model.php(187): RADL\Store\Models\Model->get_all(Array)
#6 /var/www/html/wp-content/plugins/RADL/Store.php(171): RADL\Store\Models\Model->render()
#7 [internal function]: RADL\Store::RADL\{closure}(Object(RADL\Store\Models\WP\Pages), 'pages')
#8 /var/www/html/wp-content/plugins/RADL/Store.php(173): array_walk_recursive(Array, Object(Closure))
#9 /var/www/html/wp-content/plugins/RADL/Store.php(136): RADL\Store::render_values()
#10 /var/www/html/wp-content/plugins/RADL/RADL.php(54): RADL\Store::rendered()
#11 /var/www/html/wp-content/plugins/ssg-generator/admin/admin-page.php(6): RADL::render_store()
#12 /var/www/html/wp-content/plugins/ssg-generator/SSGGenerator.php(35): include('/var/www/html/w...')
#13 /var/www/html/wp-includes/class-wp-hook.php(308): admin_menu_page('')
#14 /var/www/html/wp-includes/class-wp-hook.php(332): WP_Hook->apply_filters('', Array)
#15 /var/www/html/wp-includes/plugin.php(517): WP_Hook->do_action(Array)
#16 /var/www/html/wp-admin/admin.php(259): do_action('toplevel_page_s...')
#17 {main}
  thrown в /var/www/html/wp-includes/rest-api/class-wp-rest-server.php на строке 568

2023-03-03T21:56:44+00:00 CRITICAL Uncaught Error: Call to a member function get_data() on null in /var/www/html/wp-includes/rest-api/class-wp-rest-server.php:568
Stack trace:
#0 /var/www/html/wp-content/plugins/RADL/Store/Requests/RequestWP.php(43): WP_REST_Server->response_to_data(NULL, false)
#1 /var/www/html/wp-content/plugins/RADL/Store/Requests/RequestWP.php(78): RADL\Store\Requests\RequestWP->get_response_data()
#2 /var/www/html/wp-content/plugins/RADL/Store/Requests/RequestWP.php(37): RADL\Store\Requests\RequestWP->do_request()
#3 /var/www/html/wp-content/plugins/RADL/Store/Models/Model.php(239): RADL\Store\Requests\RequestWP->__construct('pages', 'get', Array, '/wp/v2/', Array)
#4 /var/www/html/wp-content/plugins/RADL/Store/Models/Model.php(70): RADL\Store\Models\Model->request(Array)
#5 /var/www/html/wp-content/plugins/RADL/Store/Models/Model.php(187): RADL\Store\Models\Model->get_all(Array)
#6 /var/www/html/wp-content/plugins/RADL/Store.php(171): RADL\Store\Models\Model->render()
#7 [internal function]: RADL\Store::RADL\{closure}(Object(RADL\Store\Models\WP\Pages), 'pages')
#8 /var/www/html/wp-content/plugins/RADL/Store.php(173): array_walk_recursive(Array, Object(Closure))
#9 /var/www/html/wp-content/plugins/RADL/Store.php(136): RADL\Store::render_values()
#10 /var/www/html/wp-content/plugins/RADL/RADL.php(54): RADL\Store::rendered()
#11 /var/www/html/wp-content/plugins/ssg-generator/admin/admin-page.php(6): RADL::render_store()
#12 /var/www/html/wp-content/plugins/ssg-generator/SSGGenerator.php(35): include('/var/www/html/w...')
#13 /var/www/html/wp-includes/class-wp-hook.php(308): admin_menu_page('')
#14 /var/www/html/wp-includes/class-wp-hook.php(332): WP_Hook->apply_filters('', Array)
#15 /var/www/html/wp-includes/plugin.php(517): WP_Hook->do_action(Array)
#16 /var/www/html/wp-admin/admin.php(259): do_action('toplevel_page_s...')
#17 {main}
  thrown в /var/www/html/wp-includes/rest-api/class-wp-rest-server.php на строке 568

2023-03-03T21:58:01+00:00 CRITICAL Allowed memory size of 268435456 bytes exhausted (tried to allocate 20480 bytes) в /var/www/html/wp-content/plugins/query-monitor/classes/Backtrace.php на строке 125

2023-03-03T22:03:50+00:00 CRITICAL Uncaught Error: Call to a member function get_data() on null in /var/www/html/wp-includes/rest-api/class-wp-rest-server.php:568
Stack trace:
#0 /var/www/html/wp-content/plugins/RADL/Store/Requests/RequestWP.php(43): WP_REST_Server->response_to_data(NULL, false)
#1 /var/www/html/wp-content/plugins/RADL/Store/Requests/RequestWP.php(78): RADL\Store\Requests\RequestWP->get_response_data()
#2 /var/www/html/wp-content/plugins/RADL/Store/Requests/RequestWP.php(37): RADL\Store\Requests\RequestWP->do_request()
#3 /var/www/html/wp-content/plugins/RADL/Store/Models/Model.php(239): RADL\Store\Requests\RequestWP->__construct('pages', 'get', Array, '/wp/v2/', Array)
#4 /var/www/html/wp-content/plugins/RADL/Store/Models/Model.php(70): RADL\Store\Models\Model->request(Array)
#5 /var/www/html/wp-content/plugins/RADL/Store/Models/Model.php(187): RADL\Store\Models\Model->get_all(Array)
#6 /var/www/html/wp-content/plugins/RADL/Store.php(171): RADL\Store\Models\Model->render()
#7 [internal function]: RADL\Store::RADL\{closure}(Object(RADL\Store\Models\WP\Pages), 'pages')
#8 /var/www/html/wp-content/plugins/RADL/Store.php(173): array_walk_recursive(Array, Object(Closure))
#9 /var/www/html/wp-content/plugins/RADL/Store.php(136): RADL\Store::render_values()
#10 /var/www/html/wp-content/plugins/RADL/RADL.php(54): RADL\Store::rendered()
#11 /var/www/html/wp-content/plugins/ssg-generator/admin/admin-page.php(6): RADL::render_store()
#12 /var/www/html/wp-content/plugins/ssg-generator/SSGGenerator.php(35): include('/var/www/html/w...')
#13 /var/www/html/wp-includes/class-wp-hook.php(308): admin_menu_page('')
#14 /var/www/html/wp-includes/class-wp-hook.php(332): WP_Hook->apply_filters('', Array)
#15 /var/www/html/wp-includes/plugin.php(517): WP_Hook->do_action(Array)
#16 /var/www/html/wp-admin/admin.php(259): do_action('toplevel_page_s...')
#17 {main}
  thrown в /var/www/html/wp-includes/rest-api/class-wp-rest-server.php на строке 568

2023-03-03T22:03:51+00:00 CRITICAL Uncaught ReflectionException: Method Automattic\WooCommerce\Proxies\LegacyProxy::init() does not exist in /var/www/html/wp-content/plugins/woocommerce/src/Internal/DependencyManagement/AbstractServiceProvider.php:100
Stack trace:
#0 /var/www/html/wp-content/plugins/woocommerce/src/Internal/DependencyManagement/AbstractServiceProvider.php(100): ReflectionMethod->__construct('Automattic\\WooC...', 'init')
#1 /var/www/html/wp-content/plugins/woocommerce/src/Internal/DependencyManagement/AbstractServiceProvider.php(40): Automattic\WooCommerce\Internal\DependencyManagement\AbstractServiceProvider->reflect_class_or_callable('Automattic\\WooC...', NULL)
#2 /var/www/html/wp-content/plugins/woocommerce/src/Internal/DependencyManagement/AbstractServiceProvider.php(145): Automattic\WooCommerce\Internal\DependencyManagement\AbstractServiceProvider->add_with_auto_arguments('Automattic\\WooC...', NULL, true)
#3 /var/www/html/wp-content/plugins/woocommerce/src/Internal/DependencyManagement/ServiceProviders/ProxiesServiceProvider.php(32): Automattic\WooCommerce\Internal\DependencyManagement\AbstractServiceProvider->share_with_auto_arguments('Automattic\\WooC...')
#4 /var/www/html/wp-content/plugins/woocommerce/lib/packages/League/Container/ServiceProvider/ServiceProviderAggregate.php(101): Automattic\WooCommerce\Internal\DependencyManagement\ServiceProviders\ProxiesServiceProvider->register()
#5 /var/www/html/wp-content/plugins/woocommerce/lib/packages/League/Container/Container.php(172): Automattic\WooCommerce\Vendor\League\Container\ServiceProvider\ServiceProviderAggregate->register('Automattic\\WooC...')
#6 /var/www/html/wp-content/plugins/woocommerce/src/Internal/DependencyManagement/ExtendedContainer.php(116): Automattic\WooCommerce\Vendor\League\Container\Container->get('Automattic\\WooC...', false)
#7 /var/www/html/wp-content/plugins/woocommerce/src/Container.php(88): Automattic\WooCommerce\Internal\DependencyManagement\ExtendedContainer->get('Automattic\\WooC...')
#8 /var/www/html/wp-content/plugins/woocommerce/src/Internal/DownloadPermissionsAdjuster.php(30): Automattic\WooCommerce\Container->get('Automattic\\WooC...')
#9 [internal function]: Automattic\WooCommerce\Internal\DownloadPermissionsAdjuster->init()
#10 /var/www/html/wp-content/plugins/woocommerce/src/Internal/DependencyManagement/Definition.php(34): call_user_func_array(Array, Array)
#11 /var/www/html/wp-content/plugins/woocommerce/lib/packages/League/Container/Definition/Definition.php(212): Automattic\WooCommerce\Internal\DependencyManagement\Definition->resolveClass(Object(Automattic\WooCommerce\Internal\DownloadPermissionsAdjuster))
#12 /var/www/html/wp-content/plugins/woocommerce/lib/packages/League/Container/Definition/DefinitionAggregate.php(94): Automattic\WooCommerce\Vendor\League\Container\Definition\Definition->resolve(false)
#13 /var/www/html/wp-content/plugins/woocommerce/lib/packages/League/Container/Container.php(157): Automattic\WooCommerce\Vendor\League\Container\Definition\DefinitionAggregate->resolve('Automattic\\WooC...', false)
#14 /var/www/html/wp-content/plugins/woocommerce/src/Internal/DependencyManagement/ExtendedContainer.php(116): Automattic\WooCommerce\Vendor\League\Container\Container->get('Automattic\\WooC...', false)
#15 /var/www/html/wp-content/plugins/woocommerce/lib/packages/League/Container/Container.php(178): Automattic\WooCommerce\Internal\DependencyManagement\ExtendedContainer->get('Automattic\\WooC...', false)
#16 /var/www/html/wp-content/plugins/woocommerce/src/Internal/DependencyManagement/ExtendedContainer.php(116): Automattic\WooCommerce\Vendor\League\Container\Container->get('Automattic\\WooC...', false)
#17 /var/www/html/wp-content/plugins/woocommerce/src/Container.php(88): Automattic\WooCommerce\Internal\DependencyManagement\ExtendedContainer->get('Automattic\\WooC...')
#18 /var/www/html/wp-content/plugins/woocommerce/includes/class-woocommerce.php(217): Automattic\WooCommerce\Container->get('Automattic\\WooC...')
#19 /var/www/html/wp-content/plugins/woocommerce/includes/class-woocommerce.php(175): WooCommerce->init_hooks()
#20 /var/www/html/wp-content/plugins/woocommerce/includes/class-woocommerce.php(133): WooCommerce->__construct()
#21 /var/www/html/wp-content/plugins/woocommerce/woocommerce.php(47): WooCommerce::instance()
#22 /var/www/html/wp-content/plugins/woocommerce/woocommerce.php(62): WC()
#23 /var/www/html/wp-settings.php(447): include_once('/var/www/html/w...')
#24 /var/www/html/wp-config.php(139): require_once('/var/www/html/w...')
#25 /var/www/html/wp-load.php(50): require_once('/var/www/html/w...')
#26 /var/www/html/wp-admin/admin.php(34): require_once('/var/www/html/w...')
#27 {main}
  thrown в /var/www/html/wp-content/plugins/woocommerce/src/Internal/DependencyManagement/AbstractServiceProvider.php на строке 100

2023-03-03T22:04:08+00:00 CRITICAL Uncaught Error: Call to a member function get_data() on null in /var/www/html/wp-includes/rest-api/class-wp-rest-server.php:568
Stack trace:
#0 /var/www/html/wp-content/plugins/RADL/Store/Requests/RequestWP.php(43): WP_REST_Server->response_to_data(NULL, false)
#1 /var/www/html/wp-content/plugins/RADL/Store/Requests/RequestWP.php(78): RADL\Store\Requests\RequestWP->get_response_data()
#2 /var/www/html/wp-content/plugins/RADL/Store/Requests/RequestWP.php(37): RADL\Store\Requests\RequestWP->do_request()
#3 /var/www/html/wp-content/plugins/RADL/Store/Models/Model.php(239): RADL\Store\Requests\RequestWP->__construct('pages', 'get', Array, '/wp/v2/', Array)
#4 /var/www/html/wp-content/plugins/RADL/Store/Models/Model.php(70): RADL\Store\Models\Model->request(Array)
#5 /var/www/html/wp-content/plugins/RADL/Store/Models/Model.php(187): RADL\Store\Models\Model->get_all(Array)
#6 /var/www/html/wp-content/plugins/RADL/Store.php(171): RADL\Store\Models\Model->render()
#7 [internal function]: RADL\Store::RADL\{closure}(Object(RADL\Store\Models\WP\Pages), 'pages')
#8 /var/www/html/wp-content/plugins/RADL/Store.php(173): array_walk_recursive(Array, Object(Closure))
#9 /var/www/html/wp-content/plugins/RADL/Store.php(136): RADL\Store::render_values()
#10 /var/www/html/wp-content/plugins/RADL/RADL.php(54): RADL\Store::rendered()
#11 /var/www/html/wp-content/plugins/ssg-generator/admin/admin-page.php(6): RADL::render_store()
#12 /var/www/html/wp-content/plugins/ssg-generator/SSGGenerator.php(35): include('/var/www/html/w...')
#13 /var/www/html/wp-includes/class-wp-hook.php(308): admin_menu_page('')
#14 /var/www/html/wp-includes/class-wp-hook.php(332): WP_Hook->apply_filters('', Array)
#15 /var/www/html/wp-includes/plugin.php(517): WP_Hook->do_action(Array)
#16 /var/www/html/wp-admin/admin.php(259): do_action('toplevel_page_s...')
#17 {main}
  thrown в /var/www/html/wp-includes/rest-api/class-wp-rest-server.php на строке 568

2023-03-03T22:05:38+00:00 CRITICAL syntax error, unexpected token "}", expecting ";" в /var/www/html/wp-content/plugins/wgu/woo/controllers/wc-rest-products-controller-upgrade.php на строке 20

2023-03-03T22:05:44+00:00 CRITICAL Uncaught Error: Call to a member function get_data() on null in /var/www/html/wp-includes/rest-api/class-wp-rest-server.php:568
Stack trace:
#0 /var/www/html/wp-content/plugins/RADL/Store/Requests/RequestWP.php(43): WP_REST_Server->response_to_data(NULL, false)
#1 /var/www/html/wp-content/plugins/RADL/Store/Requests/RequestWP.php(78): RADL\Store\Requests\RequestWP->get_response_data()
#2 /var/www/html/wp-content/plugins/RADL/Store/Requests/RequestWP.php(37): RADL\Store\Requests\RequestWP->do_request()
#3 /var/www/html/wp-content/plugins/RADL/Store/Models/Model.php(239): RADL\Store\Requests\RequestWP->__construct('pages', 'get', Array, '/wp/v2/', Array)
#4 /var/www/html/wp-content/plugins/RADL/Store/Models/Model.php(70): RADL\Store\Models\Model->request(Array)
#5 /var/www/html/wp-content/plugins/RADL/Store/Models/Model.php(187): RADL\Store\Models\Model->get_all(Array)
#6 /var/www/html/wp-content/plugins/RADL/Store.php(171): RADL\Store\Models\Model->render()
#7 [internal function]: RADL\Store::RADL\{closure}(Object(RADL\Store\Models\WP\Pages), 'pages')
#8 /var/www/html/wp-content/plugins/RADL/Store.php(173): array_walk_recursive(Array, Object(Closure))
#9 /var/www/html/wp-content/plugins/RADL/Store.php(136): RADL\Store::render_values()
#10 /var/www/html/wp-content/plugins/RADL/RADL.php(54): RADL\Store::rendered()
#11 /var/www/html/wp-content/plugins/ssg-generator/admin/admin-page.php(6): RADL::render_store()
#12 /var/www/html/wp-content/plugins/ssg-generator/SSGGenerator.php(35): include('/var/www/html/w...')
#13 /var/www/html/wp-includes/class-wp-hook.php(308): admin_menu_page('')
#14 /var/www/html/wp-includes/class-wp-hook.php(332): WP_Hook->apply_filters('', Array)
#15 /var/www/html/wp-includes/plugin.php(517): WP_Hook->do_action(Array)
#16 /var/www/html/wp-admin/admin.php(259): do_action('toplevel_page_s...')
#17 {main}
  thrown в /var/www/html/wp-includes/rest-api/class-wp-rest-server.php на строке 568

2023-03-03T22:07:03+00:00 CRITICAL Allowed memory size of 268435456 bytes exhausted (tried to allocate 20480 bytes) в /var/www/html/wp-content/plugins/query-monitor/classes/Backtrace.php на строке 487

