2023-07-06T06:53:48+00:00 CRITICAL Uncaught TypeError: strpos(): Argument #1 ($haystack) must be of type string, array given in /var/www/html/wp-includes/blocks.php:20
Stack trace:
#0 /var/www/html/wp-includes/blocks.php(20): strpos(Array, 'file:')
#1 /var/www/html/wp-includes/blocks.php(84): remove_block_asset_path_prefix(Array)
#2 /var/www/html/wp-includes/blocks.php(330): register_block_script_handle(Array, 'viewScript')
#3 /var/www/html/wp-includes/blocks/navigation.php(651): register_block_type_from_metadata('/var/www/html/w...', Array)
#4 /var/www/html/wp-includes/class-wp-hook.php(307): register_block_core_navigation('')
#5 /var/www/html/wp-includes/class-wp-hook.php(331): WP_Hook->apply_filters(NULL, Array)
#6 /var/www/html/wp-includes/plugin.php(476): WP_Hook->do_action(Array)
#7 /var/www/html/wp-settings.php(598): do_action('init')
#8 /var/www/html/wp-config.php(139): require_once('/var/www/html/w...')
#9 /var/www/html/wp-load.php(50): require_once('/var/www/html/w...')
#10 /var/www/html/wp-blog-header.php(13): require_once('/var/www/html/w...')
#11 /var/www/html/index.php(17): require('/var/www/html/w...')
#12 {main}
  thrown in /var/www/html/wp-includes/blocks.php on line 20

2023-07-06T06:53:48+00:00 CRITICAL Uncaught TypeError: strpos(): Argument #1 ($haystack) must be of type string, array given in /var/www/html/wp-includes/blocks.php:20
Stack trace:
#0 /var/www/html/wp-includes/blocks.php(20): strpos(Array, 'file:')
#1 /var/www/html/wp-includes/blocks.php(84): remove_block_asset_path_prefix(Array)
#2 /var/www/html/wp-includes/blocks.php(330): register_block_script_handle(Array, 'viewScript')
#3 /var/www/html/wp-includes/blocks/navigation.php(651): register_block_type_from_metadata('/var/www/html/w...', Array)
#4 /var/www/html/wp-includes/class-wp-hook.php(307): register_block_core_navigation('')
#5 /var/www/html/wp-includes/class-wp-hook.php(331): WP_Hook->apply_filters(NULL, Array)
#6 /var/www/html/wp-includes/plugin.php(476): WP_Hook->do_action(Array)
#7 /var/www/html/wp-settings.php(598): do_action('init')
#8 /var/www/html/wp-config.php(139): require_once('/var/www/html/w...')
#9 /var/www/html/wp-load.php(50): require_once('/var/www/html/w...')
#10 /var/www/html/wp-blog-header.php(13): require_once('/var/www/html/w...')
#11 /var/www/html/index.php(17): require('/var/www/html/w...')
#12 {main}
  thrown in /var/www/html/wp-includes/blocks.php on line 20

