2022-08-31T08:16:01+00:00 CRITICAL syntax error, unexpected token "if" in /var/www/html/wp-content/plugins/woocommerce/includes/rest-api/Controllers/Version3/class-wc-rest-orders-controller.php on line 186

2022-08-31T08:16:01+00:00 CRITICAL syntax error, unexpected token "if" in /var/www/html/wp-content/plugins/woocommerce/includes/rest-api/Controllers/Version3/class-wc-rest-orders-controller.php on line 186

2022-08-31T08:16:11+00:00 CRITICAL syntax error, unexpected token "if" in /var/www/html/wp-content/plugins/woocommerce/includes/rest-api/Controllers/Version3/class-wc-rest-orders-controller.php on line 186

2022-08-31T08:16:32+00:00 CRITICAL syntax error, unexpected token "if" in /var/www/html/wp-content/plugins/woocommerce/includes/rest-api/Controllers/Version3/class-wc-rest-orders-controller.php on line 186

2022-08-31T08:16:32+00:00 CRITICAL syntax error, unexpected token "if" in /var/www/html/wp-content/plugins/woocommerce/includes/rest-api/Controllers/Version3/class-wc-rest-orders-controller.php on line 186

2022-08-31T08:16:32+00:00 CRITICAL syntax error, unexpected token "if" in /var/www/html/wp-content/plugins/woocommerce/includes/rest-api/Controllers/Version3/class-wc-rest-orders-controller.php on line 186

2022-08-31T08:16:34+00:00 CRITICAL syntax error, unexpected token "if" in /var/www/html/wp-content/plugins/woocommerce/includes/rest-api/Controllers/Version3/class-wc-rest-orders-controller.php on line 186

2022-08-31T08:16:39+00:00 CRITICAL syntax error, unexpected token "if" in /var/www/html/wp-content/plugins/woocommerce/includes/rest-api/Controllers/Version3/class-wc-rest-orders-controller.php on line 186

2022-08-31T08:16:39+00:00 CRITICAL syntax error, unexpected token "if" in /var/www/html/wp-content/plugins/woocommerce/includes/rest-api/Controllers/Version3/class-wc-rest-orders-controller.php on line 186

2022-08-31T08:16:40+00:00 CRITICAL syntax error, unexpected token "if" in /var/www/html/wp-content/plugins/woocommerce/includes/rest-api/Controllers/Version3/class-wc-rest-orders-controller.php on line 186

2022-08-31T08:16:41+00:00 CRITICAL syntax error, unexpected token "if" in /var/www/html/wp-content/plugins/woocommerce/includes/rest-api/Controllers/Version3/class-wc-rest-orders-controller.php on line 186

2022-08-31T08:16:44+00:00 CRITICAL syntax error, unexpected token "if" in /var/www/html/wp-content/plugins/woocommerce/includes/rest-api/Controllers/Version3/class-wc-rest-orders-controller.php on line 186

2022-08-31T08:16:44+00:00 CRITICAL syntax error, unexpected token "if" in /var/www/html/wp-content/plugins/woocommerce/includes/rest-api/Controllers/Version3/class-wc-rest-orders-controller.php on line 186

2022-08-31T08:16:51+00:00 CRITICAL syntax error, unexpected token "if" in /var/www/html/wp-content/plugins/woocommerce/includes/rest-api/Controllers/Version3/class-wc-rest-orders-controller.php on line 186

2022-08-31T08:16:58+00:00 CRITICAL syntax error, unexpected token "if" in /var/www/html/wp-content/plugins/woocommerce/includes/rest-api/Controllers/Version3/class-wc-rest-orders-controller.php on line 186

2022-08-31T17:10:36+00:00 CRITICAL syntax error, unexpected token "{" in /var/www/html/wp-content/themes/logotype-ssr/functions.php on line 28

2022-08-31T17:10:43+00:00 CRITICAL syntax error, unexpected token "{" in /var/www/html/wp-content/themes/logotype-ssr/functions.php on line 28

2022-08-31T17:11:22+00:00 CRITICAL syntax error, unexpected token "{" in /var/www/html/wp-content/themes/logotype-ssr/functions.php on line 28

2022-08-31T17:11:40+00:00 CRITICAL syntax error, unexpected token "{" in /var/www/html/wp-content/themes/logotype-ssr/functions.php on line 28

2022-08-31T17:12:06+00:00 CRITICAL syntax error, unexpected token "{" in /var/www/html/wp-content/themes/logotype-ssr/functions.php on line 28

2022-08-31T17:12:52+00:00 CRITICAL Uncaught Error: Class "WP_Site_Health" not found in /var/www/html/wp-includes/rest-api.php:349
Stack trace:
#0 /var/www/html/wp-includes/class-wp-hook.php(307): create_initial_rest_routes(Object(WP_REST_Server))
#1 /var/www/html/wp-includes/class-wp-hook.php(331): WP_Hook->apply_filters(NULL, Array)
#2 /var/www/html/wp-includes/plugin.php(476): WP_Hook->do_action(Array)
#3 /var/www/html/wp-includes/rest-api.php(561): do_action('rest_api_init', Object(WP_REST_Server))
#4 /var/www/html/wp-includes/rest-api.php(519): rest_get_server()
#5 /var/www/html/wp-content/themes/logotype-ssr/functions.php(34): rest_do_request(Object(WP_REST_Request))
#6 /var/www/html/wp-settings.php(566): include('/var/www/html/w...')
#7 /var/www/html/wp-config.php(130): require_once('/var/www/html/w...')
#8 /var/www/html/wp-load.php(50): require_once('/var/www/html/w...')
#9 /var/www/html/wp-blog-header.php(13): require_once('/var/www/html/w...')
#10 /var/www/html/index.php(17): require('/var/www/html/w...')
#11 {main}
  thrown in /var/www/html/wp-includes/rest-api.php on line 349

2022-08-31T17:13:41+00:00 CRITICAL Uncaught Error: Class "WP_Site_Health" not found in /var/www/html/wp-includes/rest-api.php:349
Stack trace:
#0 /var/www/html/wp-includes/class-wp-hook.php(307): create_initial_rest_routes(Object(WP_REST_Server))
#1 /var/www/html/wp-includes/class-wp-hook.php(331): WP_Hook->apply_filters(NULL, Array)
#2 /var/www/html/wp-includes/plugin.php(476): WP_Hook->do_action(Array)
#3 /var/www/html/wp-includes/rest-api.php(561): do_action('rest_api_init', Object(WP_REST_Server))
#4 /var/www/html/wp-includes/rest-api.php(519): rest_get_server()
#5 /var/www/html/wp-content/themes/logotype-ssr/functions.php(34): rest_do_request(Object(WP_REST_Request))
#6 /var/www/html/wp-settings.php(566): include('/var/www/html/w...')
#7 /var/www/html/wp-config.php(130): require_once('/var/www/html/w...')
#8 /var/www/html/wp-load.php(50): require_once('/var/www/html/w...')
#9 /var/www/html/wp-blog-header.php(13): require_once('/var/www/html/w...')
#10 /var/www/html/index.php(17): require('/var/www/html/w...')
#11 {main}
  thrown in /var/www/html/wp-includes/rest-api.php on line 349

2022-08-31T17:22:08+00:00 CRITICAL Uncaught Error: Class "WP_Site_Health" not found in /var/www/html/wp-includes/rest-api.php:349
Stack trace:
#0 /var/www/html/wp-includes/class-wp-hook.php(307): create_initial_rest_routes(Object(WP_REST_Server))
#1 /var/www/html/wp-includes/class-wp-hook.php(331): WP_Hook->apply_filters(NULL, Array)
#2 /var/www/html/wp-includes/plugin.php(476): WP_Hook->do_action(Array)
#3 /var/www/html/wp-includes/rest-api.php(561): do_action('rest_api_init', Object(WP_REST_Server))
#4 /var/www/html/wp-includes/rest-api.php(519): rest_get_server()
#5 /var/www/html/wp-content/themes/logotype-ssr/functions.php(34): rest_do_request(Object(WP_REST_Request))
#6 /var/www/html/wp-settings.php(566): include('/var/www/html/w...')
#7 /var/www/html/wp-config.php(130): require_once('/var/www/html/w...')
#8 /var/www/html/wp-load.php(50): require_once('/var/www/html/w...')
#9 /var/www/html/wp-blog-header.php(13): require_once('/var/www/html/w...')
#10 /var/www/html/index.php(17): require('/var/www/html/w...')
#11 {main}
  thrown in /var/www/html/wp-includes/rest-api.php on line 349

2022-08-31T17:22:11+00:00 CRITICAL Uncaught Error: Class "WP_Site_Health" not found in /var/www/html/wp-includes/rest-api.php:349
Stack trace:
#0 /var/www/html/wp-includes/class-wp-hook.php(307): create_initial_rest_routes(Object(WP_REST_Server))
#1 /var/www/html/wp-includes/class-wp-hook.php(331): WP_Hook->apply_filters(NULL, Array)
#2 /var/www/html/wp-includes/plugin.php(476): WP_Hook->do_action(Array)
#3 /var/www/html/wp-includes/rest-api.php(561): do_action('rest_api_init', Object(WP_REST_Server))
#4 /var/www/html/wp-includes/rest-api.php(519): rest_get_server()
#5 /var/www/html/wp-content/themes/logotype-ssr/functions.php(34): rest_do_request(Object(WP_REST_Request))
#6 /var/www/html/wp-settings.php(566): include('/var/www/html/w...')
#7 /var/www/html/wp-config.php(130): require_once('/var/www/html/w...')
#8 /var/www/html/wp-load.php(50): require_once('/var/www/html/w...')
#9 /var/www/html/wp-blog-header.php(13): require_once('/var/www/html/w...')
#10 /var/www/html/index.php(17): require('/var/www/html/w...')
#11 {main}
  thrown in /var/www/html/wp-includes/rest-api.php on line 349

2022-08-31T17:22:21+00:00 CRITICAL Uncaught Error: Class "WP_Site_Health" not found in /var/www/html/wp-includes/rest-api.php:349
Stack trace:
#0 /var/www/html/wp-includes/class-wp-hook.php(307): create_initial_rest_routes(Object(WP_REST_Server))
#1 /var/www/html/wp-includes/class-wp-hook.php(331): WP_Hook->apply_filters(NULL, Array)
#2 /var/www/html/wp-includes/plugin.php(476): WP_Hook->do_action(Array)
#3 /var/www/html/wp-includes/rest-api.php(561): do_action('rest_api_init', Object(WP_REST_Server))
#4 /var/www/html/wp-includes/rest-api.php(519): rest_get_server()
#5 /var/www/html/wp-content/themes/logotype-ssr/functions.php(34): rest_do_request(Object(WP_REST_Request))
#6 /var/www/html/wp-settings.php(566): include('/var/www/html/w...')
#7 /var/www/html/wp-config.php(130): require_once('/var/www/html/w...')
#8 /var/www/html/wp-load.php(50): require_once('/var/www/html/w...')
#9 /var/www/html/wp-blog-header.php(13): require_once('/var/www/html/w...')
#10 /var/www/html/index.php(17): require('/var/www/html/w...')
#11 {main}
  thrown in /var/www/html/wp-includes/rest-api.php on line 349

2022-08-31T17:22:24+00:00 CRITICAL Uncaught Error: Class "WP_Site_Health" not found in /var/www/html/wp-includes/rest-api.php:349
Stack trace:
#0 /var/www/html/wp-includes/class-wp-hook.php(307): create_initial_rest_routes(Object(WP_REST_Server))
#1 /var/www/html/wp-includes/class-wp-hook.php(331): WP_Hook->apply_filters(NULL, Array)
#2 /var/www/html/wp-includes/plugin.php(476): WP_Hook->do_action(Array)
#3 /var/www/html/wp-includes/rest-api.php(561): do_action('rest_api_init', Object(WP_REST_Server))
#4 /var/www/html/wp-includes/rest-api.php(519): rest_get_server()
#5 /var/www/html/wp-content/themes/logotype-ssr/functions.php(34): rest_do_request(Object(WP_REST_Request))
#6 /var/www/html/wp-settings.php(566): include('/var/www/html/w...')
#7 /var/www/html/wp-config.php(130): require_once('/var/www/html/w...')
#8 /var/www/html/wp-load.php(50): require_once('/var/www/html/w...')
#9 /var/www/html/wp-blog-header.php(13): require_once('/var/www/html/w...')
#10 /var/www/html/index.php(17): require('/var/www/html/w...')
#11 {main}
  thrown in /var/www/html/wp-includes/rest-api.php on line 349

2022-08-31T17:22:26+00:00 CRITICAL Uncaught Error: Class "WP_Site_Health" not found in /var/www/html/wp-includes/rest-api.php:349
Stack trace:
#0 /var/www/html/wp-includes/class-wp-hook.php(307): create_initial_rest_routes(Object(WP_REST_Server))
#1 /var/www/html/wp-includes/class-wp-hook.php(331): WP_Hook->apply_filters(NULL, Array)
#2 /var/www/html/wp-includes/plugin.php(476): WP_Hook->do_action(Array)
#3 /var/www/html/wp-includes/rest-api.php(561): do_action('rest_api_init', Object(WP_REST_Server))
#4 /var/www/html/wp-includes/rest-api.php(519): rest_get_server()
#5 /var/www/html/wp-content/themes/logotype-ssr/functions.php(34): rest_do_request(Object(WP_REST_Request))
#6 /var/www/html/wp-settings.php(566): include('/var/www/html/w...')
#7 /var/www/html/wp-config.php(130): require_once('/var/www/html/w...')
#8 /var/www/html/wp-load.php(50): require_once('/var/www/html/w...')
#9 /var/www/html/wp-blog-header.php(13): require_once('/var/www/html/w...')
#10 /var/www/html/index.php(17): require('/var/www/html/w...')
#11 {main}
  thrown in /var/www/html/wp-includes/rest-api.php on line 349

2022-08-31T17:24:48+00:00 CRITICAL syntax error, unexpected identifier "username", expecting ")" in /var/www/html/wp-content/themes/logotype-ssr/functions.php on line 29

2022-08-31T17:24:48+00:00 CRITICAL syntax error, unexpected identifier "username", expecting ")" in /var/www/html/wp-content/themes/logotype-ssr/functions.php on line 29

2022-08-31T17:24:48+00:00 CRITICAL syntax error, unexpected identifier "username", expecting ")" in /var/www/html/wp-content/themes/logotype-ssr/functions.php on line 29

2022-08-31T17:24:48+00:00 CRITICAL syntax error, unexpected identifier "username", expecting ")" in /var/www/html/wp-content/themes/logotype-ssr/functions.php on line 29

2022-08-31T17:24:50+00:00 CRITICAL syntax error, unexpected identifier "username", expecting ")" in /var/www/html/wp-content/themes/logotype-ssr/functions.php on line 29

2022-08-31T17:24:50+00:00 CRITICAL syntax error, unexpected identifier "username", expecting ")" in /var/www/html/wp-content/themes/logotype-ssr/functions.php on line 29

2022-08-31T17:24:50+00:00 CRITICAL syntax error, unexpected identifier "username", expecting ")" in /var/www/html/wp-content/themes/logotype-ssr/functions.php on line 29

2022-08-31T17:25:04+00:00 CRITICAL syntax error, unexpected identifier "username", expecting ")" in /var/www/html/wp-content/themes/logotype-ssr/functions.php on line 29

2022-08-31T17:25:12+00:00 CRITICAL syntax error, unexpected identifier "username", expecting ")" in /var/www/html/wp-content/themes/logotype-ssr/functions.php on line 29

2022-08-31T17:25:24+00:00 CRITICAL syntax error, unexpected identifier "username", expecting ")" in /var/www/html/wp-content/themes/logotype-ssr/functions.php on line 29

2022-08-31T17:25:38+00:00 CRITICAL syntax error, unexpected identifier "username", expecting ")" in /var/www/html/wp-content/themes/logotype-ssr/functions.php on line 29

2022-08-31T17:26:36+00:00 CRITICAL Uncaught Error: Class "WP_Site_Health" not found in /var/www/html/wp-includes/rest-api.php:349
Stack trace:
#0 /var/www/html/wp-includes/class-wp-hook.php(307): create_initial_rest_routes(Object(WP_REST_Server))
#1 /var/www/html/wp-includes/class-wp-hook.php(331): WP_Hook->apply_filters(NULL, Array)
#2 /var/www/html/wp-includes/plugin.php(476): WP_Hook->do_action(Array)
#3 /var/www/html/wp-includes/rest-api.php(561): do_action('rest_api_init', Object(WP_REST_Server))
#4 /var/www/html/wp-includes/rest-api.php(519): rest_get_server()
#5 /var/www/html/wp-content/themes/logotype-ssr/functions.php(32): rest_do_request(Object(WP_REST_Request))
#6 /var/www/html/wp-settings.php(566): include('/var/www/html/w...')
#7 /var/www/html/wp-config.php(130): require_once('/var/www/html/w...')
#8 /var/www/html/wp-load.php(50): require_once('/var/www/html/w...')
#9 /var/www/html/wp-blog-header.php(13): require_once('/var/www/html/w...')
#10 /var/www/html/index.php(17): require('/var/www/html/w...')
#11 {main}
  thrown in /var/www/html/wp-includes/rest-api.php on line 349

2022-08-31T17:29:10+00:00 CRITICAL Uncaught Error: Class "WP_Site_Health" not found in /var/www/html/wp-includes/rest-api.php:349
Stack trace:
#0 /var/www/html/wp-includes/class-wp-hook.php(307): create_initial_rest_routes(Object(WP_REST_Server))
#1 /var/www/html/wp-includes/class-wp-hook.php(331): WP_Hook->apply_filters(NULL, Array)
#2 /var/www/html/wp-includes/plugin.php(476): WP_Hook->do_action(Array)
#3 /var/www/html/wp-includes/rest-api.php(561): do_action('rest_api_init', Object(WP_REST_Server))
#4 /var/www/html/wp-includes/rest-api.php(519): rest_get_server()
#5 /var/www/html/wp-content/themes/logotype-ssr/functions.php(32): rest_do_request(Object(WP_REST_Request))
#6 /var/www/html/wp-settings.php(566): include('/var/www/html/w...')
#7 /var/www/html/wp-config.php(130): require_once('/var/www/html/w...')
#8 /var/www/html/wp-load.php(50): require_once('/var/www/html/w...')
#9 /var/www/html/wp-blog-header.php(13): require_once('/var/www/html/w...')
#10 /var/www/html/index.php(17): require('/var/www/html/w...')
#11 {main}
  thrown in /var/www/html/wp-includes/rest-api.php on line 349

2022-08-31T17:30:28+00:00 CRITICAL Uncaught Error: Class "WP_Site_Health" not found in /var/www/html/wp-includes/rest-api.php:349
Stack trace:
#0 /var/www/html/wp-includes/class-wp-hook.php(307): create_initial_rest_routes(Object(WP_REST_Server))
#1 /var/www/html/wp-includes/class-wp-hook.php(331): WP_Hook->apply_filters(NULL, Array)
#2 /var/www/html/wp-includes/plugin.php(476): WP_Hook->do_action(Array)
#3 /var/www/html/wp-includes/rest-api.php(561): do_action('rest_api_init', Object(WP_REST_Server))
#4 /var/www/html/wp-includes/rest-api.php(519): rest_get_server()
#5 /var/www/html/wp-content/themes/logotype-ssr/inc/VueWordpress/VueWordpress.php(27): rest_do_request(Object(WP_REST_Request))
#6 /var/www/html/wp-content/themes/logotype-ssr/inc/Init.php(55): Awps\VueWordpress\VueWordpress->register()
#7 /var/www/html/wp-content/themes/logotype-ssr/functions.php(31): Awps\Init::register_services()
#8 /var/www/html/wp-settings.php(566): include('/var/www/html/w...')
#9 /var/www/html/wp-config.php(130): require_once('/var/www/html/w...')
#10 /var/www/html/wp-load.php(50): require_once('/var/www/html/w...')
#11 /var/www/html/wp-blog-header.php(13): require_once('/var/www/html/w...')
#12 /var/www/html/index.php(17): require('/var/www/html/w...')
#13 {main}
  thrown in /var/www/html/wp-includes/rest-api.php on line 349

2022-08-31T17:31:08+00:00 CRITICAL Uncaught Error: Class "WP_Site_Health" not found in /var/www/html/wp-includes/rest-api.php:349
Stack trace:
#0 /var/www/html/wp-includes/class-wp-hook.php(307): create_initial_rest_routes(Object(WP_REST_Server))
#1 /var/www/html/wp-includes/class-wp-hook.php(331): WP_Hook->apply_filters(NULL, Array)
#2 /var/www/html/wp-includes/plugin.php(476): WP_Hook->do_action(Array)
#3 /var/www/html/wp-includes/rest-api.php(561): do_action('rest_api_init', Object(WP_REST_Server))
#4 /var/www/html/wp-includes/rest-api.php(519): rest_get_server()
#5 /var/www/html/wp-content/themes/logotype-ssr/inc/VueWordpress/VueWordpress.php(27): rest_do_request(Object(WP_REST_Request))
#6 /var/www/html/wp-content/themes/logotype-ssr/inc/Init.php(55): Awps\VueWordpress\VueWordpress->register()
#7 /var/www/html/wp-content/themes/logotype-ssr/functions.php(31): Awps\Init::register_services()
#8 /var/www/html/wp-settings.php(566): include('/var/www/html/w...')
#9 /var/www/html/wp-config.php(130): require_once('/var/www/html/w...')
#10 /var/www/html/wp-load.php(50): require_once('/var/www/html/w...')
#11 /var/www/html/wp-blog-header.php(13): require_once('/var/www/html/w...')
#12 /var/www/html/index.php(17): require('/var/www/html/w...')
#13 {main}
  thrown in /var/www/html/wp-includes/rest-api.php on line 349

2022-08-31T17:31:44+00:00 CRITICAL Uncaught Error: Class "WP_Site_Health" not found in /var/www/html/wp-includes/rest-api.php:349
Stack trace:
#0 /var/www/html/wp-includes/class-wp-hook.php(307): create_initial_rest_routes(Object(WP_REST_Server))
#1 /var/www/html/wp-includes/class-wp-hook.php(331): WP_Hook->apply_filters(NULL, Array)
#2 /var/www/html/wp-includes/plugin.php(476): WP_Hook->do_action(Array)
#3 /var/www/html/wp-includes/rest-api.php(561): do_action('rest_api_init', Object(WP_REST_Server))
#4 /var/www/html/wp-includes/rest-api.php(519): rest_get_server()
#5 /var/www/html/wp-content/themes/logotype-ssr/inc/VueWordpress/VueWordpress.php(27): rest_do_request(Object(WP_REST_Request))
#6 /var/www/html/wp-content/themes/logotype-ssr/inc/Init.php(55): Awps\VueWordpress\VueWordpress->register()
#7 /var/www/html/wp-content/themes/logotype-ssr/functions.php(31): Awps\Init::register_services()
#8 /var/www/html/wp-settings.php(566): include('/var/www/html/w...')
#9 /var/www/html/wp-config.php(130): require_once('/var/www/html/w...')
#10 /var/www/html/wp-load.php(50): require_once('/var/www/html/w...')
#11 /var/www/html/wp-blog-header.php(13): require_once('/var/www/html/w...')
#12 /var/www/html/index.php(17): require('/var/www/html/w...')
#13 {main}
  thrown in /var/www/html/wp-includes/rest-api.php on line 349

2022-08-31T17:31:51+00:00 CRITICAL Uncaught Error: Class "WP_Site_Health" not found in /var/www/html/wp-includes/rest-api.php:349
Stack trace:
#0 /var/www/html/wp-includes/class-wp-hook.php(307): create_initial_rest_routes(Object(WP_REST_Server))
#1 /var/www/html/wp-includes/class-wp-hook.php(331): WP_Hook->apply_filters(NULL, Array)
#2 /var/www/html/wp-includes/plugin.php(476): WP_Hook->do_action(Array)
#3 /var/www/html/wp-includes/rest-api.php(561): do_action('rest_api_init', Object(WP_REST_Server))
#4 /var/www/html/wp-includes/rest-api.php(519): rest_get_server()
#5 /var/www/html/wp-content/themes/logotype-ssr/functions.php(32): rest_do_request(Object(WP_REST_Request))
#6 /var/www/html/wp-settings.php(566): include('/var/www/html/w...')
#7 /var/www/html/wp-config.php(130): require_once('/var/www/html/w...')
#8 /var/www/html/wp-load.php(50): require_once('/var/www/html/w...')
#9 /var/www/html/wp-blog-header.php(13): require_once('/var/www/html/w...')
#10 /var/www/html/index.php(17): require('/var/www/html/w...')
#11 {main}
  thrown in /var/www/html/wp-includes/rest-api.php on line 349

2022-08-31T17:33:23+00:00 CRITICAL Uncaught Error: Class "Awps\VueWordpress\WP_Site_Health" not found in /var/www/html/wp-content/themes/logotype-ssr/inc/VueWordpress/VueWordpress.php:23
Stack trace:
#0 /var/www/html/wp-content/themes/logotype-ssr/inc/Init.php(55): Awps\VueWordpress\VueWordpress->register()
#1 /var/www/html/wp-content/themes/logotype-ssr/functions.php(31): Awps\Init::register_services()
#2 /var/www/html/wp-settings.php(566): include('/var/www/html/w...')
#3 /var/www/html/wp-config.php(130): require_once('/var/www/html/w...')
#4 /var/www/html/wp-load.php(50): require_once('/var/www/html/w...')
#5 /var/www/html/wp-blog-header.php(13): require_once('/var/www/html/w...')
#6 /var/www/html/index.php(17): require('/var/www/html/w...')
#7 {main}
  thrown in /var/www/html/wp-content/themes/logotype-ssr/inc/VueWordpress/VueWordpress.php on line 23

2022-08-31T17:33:27+00:00 CRITICAL Uncaught Error: Class "WP_Site_Health" not found in /var/www/html/wp-includes/rest-api.php:349
Stack trace:
#0 /var/www/html/wp-includes/class-wp-hook.php(307): create_initial_rest_routes(Object(WP_REST_Server))
#1 /var/www/html/wp-includes/class-wp-hook.php(331): WP_Hook->apply_filters(NULL, Array)
#2 /var/www/html/wp-includes/plugin.php(476): WP_Hook->do_action(Array)
#3 /var/www/html/wp-includes/rest-api.php(561): do_action('rest_api_init', Object(WP_REST_Server))
#4 /var/www/html/wp-includes/rest-api.php(519): rest_get_server()
#5 /var/www/html/wp-content/themes/logotype-ssr/inc/VueWordpress/VueWordpress.php(27): rest_do_request(Object(WP_REST_Request))
#6 /var/www/html/wp-content/themes/logotype-ssr/inc/Init.php(55): Awps\VueWordpress\VueWordpress->register()
#7 /var/www/html/wp-content/themes/logotype-ssr/functions.php(31): Awps\Init::register_services()
#8 /var/www/html/wp-settings.php(566): include('/var/www/html/w...')
#9 /var/www/html/wp-config.php(130): require_once('/var/www/html/w...')
#10 /var/www/html/wp-load.php(50): require_once('/var/www/html/w...')
#11 /var/www/html/wp-blog-header.php(13): require_once('/var/www/html/w...')
#12 /var/www/html/index.php(17): require('/var/www/html/w...')
#13 {main}
  thrown in /var/www/html/wp-includes/rest-api.php on line 349

2022-08-31T17:33:33+00:00 CRITICAL Uncaught Error: Class "Awps\VueWordpress\WP_Site_Health" not found in /var/www/html/wp-content/themes/logotype-ssr/inc/VueWordpress/VueWordpress.php:23
Stack trace:
#0 /var/www/html/wp-content/themes/logotype-ssr/inc/Init.php(55): Awps\VueWordpress\VueWordpress->register()
#1 /var/www/html/wp-content/themes/logotype-ssr/functions.php(31): Awps\Init::register_services()
#2 /var/www/html/wp-settings.php(566): include('/var/www/html/w...')
#3 /var/www/html/wp-config.php(130): require_once('/var/www/html/w...')
#4 /var/www/html/wp-load.php(50): require_once('/var/www/html/w...')
#5 /var/www/html/wp-blog-header.php(13): require_once('/var/www/html/w...')
#6 /var/www/html/index.php(17): require('/var/www/html/w...')
#7 {main}
  thrown in /var/www/html/wp-content/themes/logotype-ssr/inc/VueWordpress/VueWordpress.php on line 23

2022-08-31T17:33:48+00:00 CRITICAL Uncaught Error: Value of type null is not callable in /var/www/html/wp-content/themes/logotype-ssr/inc/VueWordpress/VueWordpress.php:32
Stack trace:
#0 /var/www/html/wp-content/themes/logotype-ssr/inc/Init.php(55): Awps\VueWordpress\VueWordpress->register()
#1 /var/www/html/wp-content/themes/logotype-ssr/functions.php(31): Awps\Init::register_services()
#2 /var/www/html/wp-settings.php(566): include('/var/www/html/w...')
#3 /var/www/html/wp-config.php(130): require_once('/var/www/html/w...')
#4 /var/www/html/wp-load.php(50): require_once('/var/www/html/w...')
#5 /var/www/html/wp-blog-header.php(13): require_once('/var/www/html/w...')
#6 /var/www/html/index.php(17): require('/var/www/html/w...')
#7 {main}
  thrown in /var/www/html/wp-content/themes/logotype-ssr/inc/VueWordpress/VueWordpress.php on line 32

2022-08-31T20:12:20+00:00 CRITICAL syntax error, unexpected variable "$response" in /var/www/html/wp-content/themes/logotype-ssr/functions.php on line 36

2022-08-31T20:26:29+00:00 CRITICAL Uncaught Automattic\WooCommerce\HttpClient\HttpClientException: cURL Error: Failed to connect to localhost port 80: Connection refused in /var/www/html/wp-content/themes/logotype-ssr/vendor/automattic/woocommerce/src/WooCommerce/HttpClient/HttpClient.php:450
Stack trace:
#0 /var/www/html/wp-content/themes/logotype-ssr/vendor/automattic/woocommerce/src/WooCommerce/Client.php(82): Automattic\WooCommerce\HttpClient\HttpClient->request('orders', 'GET', Array, Array)
#1 /var/www/html/wp-content/themes/logotype-ssr/functions.php(40): Automattic\WooCommerce\Client->get('orders', Array)
#2 /var/www/html/wp-settings.php(566): include('/var/www/html/w...')
#3 /var/www/html/wp-config.php(130): require_once('/var/www/html/w...')
#4 /var/www/html/wp-load.php(50): require_once('/var/www/html/w...')
#5 /var/www/html/wp-blog-header.php(13): require_once('/var/www/html/w...')
#6 /var/www/html/index.php(17): require('/var/www/html/w...')
#7 {main}
  thrown in /var/www/html/wp-content/themes/logotype-ssr/vendor/automattic/woocommerce/src/WooCommerce/HttpClient/HttpClient.php on line 450

2022-08-31T20:28:52+00:00 CRITICAL syntax error, unexpected variable "$response" in /var/www/html/wp-content/themes/logotype-ssr/inc/VueWordpress/VueWordpress.php on line 35

2022-08-31T20:29:54+00:00 CRITICAL syntax error, unexpected variable "$response" in /var/www/html/wp-content/themes/logotype-ssr/inc/VueWordpress/VueWordpress.php on line 35

2022-08-31T20:30:09+00:00 CRITICAL syntax error, unexpected variable "$response" in /var/www/html/wp-content/themes/logotype-ssr/inc/VueWordpress/VueWordpress.php on line 35

2022-08-31T20:30:09+00:00 CRITICAL syntax error, unexpected variable "$response" in /var/www/html/wp-content/themes/logotype-ssr/inc/VueWordpress/VueWordpress.php on line 35

2022-08-31T20:30:09+00:00 CRITICAL syntax error, unexpected variable "$response" in /var/www/html/wp-content/themes/logotype-ssr/inc/VueWordpress/VueWordpress.php on line 35

2022-08-31T20:30:10+00:00 CRITICAL syntax error, unexpected variable "$response" in /var/www/html/wp-content/themes/logotype-ssr/inc/VueWordpress/VueWordpress.php on line 35

2022-08-31T20:30:12+00:00 CRITICAL syntax error, unexpected variable "$response" in /var/www/html/wp-content/themes/logotype-ssr/inc/VueWordpress/VueWordpress.php on line 35

2022-08-31T20:30:12+00:00 CRITICAL syntax error, unexpected variable "$response" in /var/www/html/wp-content/themes/logotype-ssr/inc/VueWordpress/VueWordpress.php on line 35

2022-08-31T20:30:12+00:00 CRITICAL syntax error, unexpected variable "$response" in /var/www/html/wp-content/themes/logotype-ssr/inc/VueWordpress/VueWordpress.php on line 35

2022-08-31T20:30:12+00:00 CRITICAL syntax error, unexpected variable "$response" in /var/www/html/wp-content/themes/logotype-ssr/inc/VueWordpress/VueWordpress.php on line 35

2022-08-31T20:30:14+00:00 CRITICAL syntax error, unexpected variable "$response" in /var/www/html/wp-content/themes/logotype-ssr/inc/VueWordpress/VueWordpress.php on line 35

2022-08-31T20:30:14+00:00 CRITICAL syntax error, unexpected variable "$response" in /var/www/html/wp-content/themes/logotype-ssr/inc/VueWordpress/VueWordpress.php on line 35

2022-08-31T20:30:14+00:00 CRITICAL syntax error, unexpected variable "$response" in /var/www/html/wp-content/themes/logotype-ssr/inc/VueWordpress/VueWordpress.php on line 35

2022-08-31T20:30:14+00:00 CRITICAL syntax error, unexpected variable "$response" in /var/www/html/wp-content/themes/logotype-ssr/inc/VueWordpress/VueWordpress.php on line 35

2022-08-31T20:30:45+00:00 CRITICAL syntax error, unexpected variable "$response" in /var/www/html/wp-content/themes/logotype-ssr/inc/VueWordpress/VueWordpress.php on line 35

2022-08-31T20:30:54+00:00 CRITICAL syntax error, unexpected variable "$response" in /var/www/html/wp-content/themes/logotype-ssr/inc/VueWordpress/VueWordpress.php on line 35

2022-08-31T20:31:13+00:00 CRITICAL syntax error, unexpected variable "$response" in /var/www/html/wp-content/themes/logotype-ssr/inc/VueWordpress/VueWordpress.php on line 35

2022-08-31T20:31:20+00:00 CRITICAL syntax error, unexpected variable "$response" in /var/www/html/wp-content/themes/logotype-ssr/inc/VueWordpress/VueWordpress.php on line 35

2022-08-31T20:31:58+00:00 CRITICAL syntax error, unexpected variable "$response" in /var/www/html/wp-content/themes/logotype-ssr/inc/VueWordpress/VueWordpress.php on line 35

2022-08-31T20:32:23+00:00 CRITICAL Uncaught Error: Cannot access protected property WP_REST_Request::$params in /var/www/html/wp-content/themes/logotype-ssr/inc/VueWordpress/VueWordpress.php:29
Stack trace:
#0 /var/www/html/wp-content/themes/logotype-ssr/inc/Init.php(55): Awps\VueWordpress\VueWordpress->register()
#1 /var/www/html/wp-content/themes/logotype-ssr/functions.php(64): Awps\Init::register_services()
#2 /var/www/html/wp-settings.php(566): include('/var/www/html/w...')
#3 /var/www/html/wp-config.php(130): require_once('/var/www/html/w...')
#4 /var/www/html/wp-load.php(50): require_once('/var/www/html/w...')
#5 /var/www/html/wp-blog-header.php(13): require_once('/var/www/html/w...')
#6 /var/www/html/index.php(17): require('/var/www/html/w...')
#7 {main}
  thrown in /var/www/html/wp-content/themes/logotype-ssr/inc/VueWordpress/VueWordpress.php on line 29

2022-08-31T20:33:54+00:00 CRITICAL Uncaught Error: Call to undefined method WP_REST_Request::setParam() in /var/www/html/wp-content/themes/logotype-ssr/inc/VueWordpress/VueWordpress.php:29
Stack trace:
#0 /var/www/html/wp-content/themes/logotype-ssr/inc/Init.php(55): Awps\VueWordpress\VueWordpress->register()
#1 /var/www/html/wp-content/themes/logotype-ssr/functions.php(64): Awps\Init::register_services()
#2 /var/www/html/wp-settings.php(566): include('/var/www/html/w...')
#3 /var/www/html/wp-config.php(130): require_once('/var/www/html/w...')
#4 /var/www/html/wp-load.php(50): require_once('/var/www/html/w...')
#5 /var/www/html/wp-blog-header.php(13): require_once('/var/www/html/w...')
#6 /var/www/html/index.php(17): require('/var/www/html/w...')
#7 {main}
  thrown in /var/www/html/wp-content/themes/logotype-ssr/inc/VueWordpress/VueWordpress.php on line 29

